{"/Users/alex/yi/fragrans-drive-tests/src/App.vue": {"path":"/Users/alex/yi/fragrans-drive-tests/src/App.vue","statementMap":{"0":{"start":{"line":7,"column":6},"end":{"line":7,"column":32}},"1":{"start":{"line":9,"column":0},"end":{"line":9,"column":null}},"2":{"start":{"line":13,"column":2},"end":{"line":13,"column":null}}},"fnMap":{},"branchMap":{},"s":{"0":1,"1":1,"2":1},"f":{},"b":{},"meta":{"lastBranch":0,"lastFunction":0,"lastStatement":3,"seen":{"s:7:6:7:32":0,"s:9:0:9:Infinity":1,"s:13:2:13:Infinity":2},"fnNames":{}}}
,"/Users/alex/yi/fragrans-drive-tests/src/api/index.ts": {"path":"/Users/alex/yi/fragrans-drive-tests/src/api/index.ts","statementMap":{"0":{"start":{"line":24,"column":22},"end":{"line":24,"column":40}},"1":{"start":{"line":26,"column":15},"end":{"line":33,"column":null}},"2":{"start":{"line":39,"column":4},"end":{"line":39,"column":null}},"3":{"start":{"line":46,"column":4},"end":{"line":61,"column":null}},"4":{"start":{"line":48,"column":14},"end":{"line":48,"column":40}},"5":{"start":{"line":50,"column":8},"end":{"line":50,"column":null}},"6":{"start":{"line":51,"column":30},"end":{"line":51,"column":null}},"7":{"start":{"line":53,"column":8},"end":{"line":54,"column":null}},"8":{"start":{"line":54,"column":10},"end":{"line":54,"column":null}},"9":{"start":{"line":56,"column":8},"end":{"line":56,"column":null}},"10":{"start":{"line":59,"column":8},"end":{"line":59,"column":null}},"11":{"start":{"line":67,"column":4},"end":{"line":106,"column":null}},"12":{"start":{"line":69,"column":53},"end":{"line":69,"column":null}},"13":{"start":{"line":70,"column":14},"end":{"line":70,"column":40}},"14":{"start":{"line":72,"column":8},"end":{"line":72,"column":null}},"15":{"start":{"line":74,"column":8},"end":{"line":81,"column":null}},"16":{"start":{"line":75,"column":10},"end":{"line":75,"column":null}},"17":{"start":{"line":76,"column":10},"end":{"line":76,"column":null}},"18":{"start":{"line":77,"column":10},"end":{"line":79,"column":null}},"19":{"start":{"line":81,"column":10},"end":{"line":81,"column":null}},"20":{"start":{"line":84,"column":8},"end":{"line":87,"column":null}},"21":{"start":{"line":85,"column":10},"end":{"line":85,"column":null}},"22":{"start":{"line":87,"column":10},"end":{"line":87,"column":null}},"23":{"start":{"line":91,"column":8},"end":{"line":91,"column":null}},"24":{"start":{"line":94,"column":29},"end":{"line":94,"column":null}},"25":{"start":{"line":97,"column":8},"end":{"line":98,"column":null}},"26":{"start":{"line":98,"column":10},"end":{"line":98,"column":null}},"27":{"start":{"line":100,"column":8},"end":{"line":100,"column":null}},"28":{"start":{"line":100,"column":22},"end":{"line":100,"column":null}},"29":{"start":{"line":102,"column":8},"end":{"line":102,"column":null}},"30":{"start":{"line":102,"column":38},"end":{"line":102,"column":null}},"31":{"start":{"line":104,"column":8},"end":{"line":104,"column":null}},"32":{"start":{"line":111,"column":4},"end":{"line":111,"column":null}},"33":{"start":{"line":114,"column":4},"end":{"line":114,"column":null}},"34":{"start":{"line":117,"column":4},"end":{"line":117,"column":null}},"35":{"start":{"line":120,"column":4},"end":{"line":120,"column":null}},"36":{"start":{"line":123,"column":4},"end":{"line":127,"column":null}}},"fnMap":{"0":{"name":"constructor","decl":{"start":{"line":37,"column":2},"end":{"line":37,"column":9}},"loc":{"start":{"line":37,"column":49},"end":{"line":106,"column":null}},"line":37},"1":{"name":"(anonymous_1)","decl":{"start":{"line":46,"column":38},"end":{"line":46,"column":null}},"loc":{"start":{"line":47,"column":46},"end":{"line":58,"column":29}},"line":47},"2":{"name":"(anonymous_2)","decl":{"start":{"line":58,"column":7},"end":{"line":58,"column":29}},"loc":{"start":{"line":58,"column":29},"end":{"line":61,"column":null}},"line":58},"3":{"name":"(anonymous_3)","decl":{"start":{"line":67,"column":39},"end":{"line":67,"column":null}},"loc":{"start":{"line":68,"column":35},"end":{"line":93,"column":13}},"line":68},"4":{"name":"(anonymous_4)","decl":{"start":{"line":93,"column":6},"end":{"line":93,"column":13}},"loc":{"start":{"line":93,"column":35},"end":{"line":106,"column":null}},"line":93},"5":{"name":"get","decl":{"start":{"line":110,"column":2},"end":{"line":110,"column":19}},"loc":{"start":{"line":110,"column":75},"end":{"line":111,"column":null}},"line":110},"6":{"name":"post","decl":{"start":{"line":113,"column":2},"end":{"line":113,"column":20}},"loc":{"start":{"line":113,"column":76},"end":{"line":114,"column":null}},"line":113},"7":{"name":"put","decl":{"start":{"line":116,"column":2},"end":{"line":116,"column":19}},"loc":{"start":{"line":116,"column":75},"end":{"line":117,"column":null}},"line":116},"8":{"name":"delete","decl":{"start":{"line":119,"column":2},"end":{"line":119,"column":22}},"loc":{"start":{"line":119,"column":79},"end":{"line":120,"column":null}},"line":119},"9":{"name":"download","decl":{"start":{"line":122,"column":2},"end":{"line":122,"column":11}},"loc":{"start":{"line":122,"column":74},"end":{"line":127,"column":null}},"line":122}},"branchMap":{"0":{"loc":{"start":{"line":53,"column":8},"end":{"line":54,"column":null}},"type":"if","locations":[{"start":{"line":53,"column":8},"end":{"line":54,"column":null}},{"start":{},"end":{}}],"line":53},"1":{"loc":{"start":{"line":74,"column":8},"end":{"line":81,"column":null}},"type":"if","locations":[{"start":{"line":74,"column":8},"end":{"line":81,"column":null}},{"start":{},"end":{}}],"line":74},"2":{"loc":{"start":{"line":84,"column":8},"end":{"line":87,"column":null}},"type":"if","locations":[{"start":{"line":84,"column":8},"end":{"line":87,"column":null}},{"start":{},"end":{}}],"line":84},"3":{"loc":{"start":{"line":97,"column":8},"end":{"line":98,"column":null}},"type":"if","locations":[{"start":{"line":97,"column":8},"end":{"line":98,"column":null}},{"start":{},"end":{}}],"line":97},"4":{"loc":{"start":{"line":100,"column":8},"end":{"line":100,"column":null}},"type":"if","locations":[{"start":{"line":100,"column":8},"end":{"line":100,"column":null}},{"start":{},"end":{}}],"line":100},"5":{"loc":{"start":{"line":102,"column":8},"end":{"line":102,"column":null}},"type":"if","locations":[{"start":{"line":102,"column":8},"end":{"line":102,"column":null}},{"start":{},"end":{}}],"line":102},"6":{"loc":{"start":{"line":110,"column":49},"end":{"line":110,"column":61}},"type":"default-arg","locations":[{"start":{"line":110,"column":59},"end":{"line":110,"column":61}}],"line":110},"7":{"loc":{"start":{"line":113,"column":50},"end":{"line":113,"column":62}},"type":"default-arg","locations":[{"start":{"line":113,"column":60},"end":{"line":113,"column":62}}],"line":113},"8":{"loc":{"start":{"line":116,"column":49},"end":{"line":116,"column":61}},"type":"default-arg","locations":[{"start":{"line":116,"column":59},"end":{"line":116,"column":61}}],"line":116},"9":{"loc":{"start":{"line":119,"column":53},"end":{"line":119,"column":65}},"type":"default-arg","locations":[{"start":{"line":119,"column":63},"end":{"line":119,"column":65}}],"line":119},"10":{"loc":{"start":{"line":122,"column":41},"end":{"line":122,"column":53}},"type":"default-arg","locations":[{"start":{"line":122,"column":51},"end":{"line":122,"column":53}}],"line":122}},"s":{"0":1,"1":1,"2":1,"3":1,"4":1,"5":1,"6":1,"7":1,"8":1,"9":1,"10":1,"11":1,"12":3,"13":3,"14":3,"15":3,"16":1,"17":1,"18":1,"19":1,"20":2,"21":1,"22":1,"23":1,"24":3,"25":3,"26":1,"27":3,"28":1,"29":3,"30":1,"31":3,"32":1,"33":1,"34":1,"35":1,"36":1},"f":{"0":1,"1":1,"2":1,"3":3,"4":3,"5":1,"6":1,"7":1,"8":1,"9":1},"b":{"0":[1,0],"1":[1,2],"2":[1,1],"3":[1,2],"4":[1,2],"5":[1,2],"6":[1],"7":[1],"8":[1],"9":[1],"10":[1]},"meta":{"lastBranch":11,"lastFunction":10,"lastStatement":37,"seen":{"s:24:22:24:40":0,"s:26:15:33:Infinity":1,"f:37:2:37:9":0,"s:39:4:39:Infinity":2,"s:46:4:61:Infinity":3,"f:46:38:46:Infinity":1,"s:48:14:48:40":4,"s:50:8:50:Infinity":5,"s:51:30:51:Infinity":6,"b:53:8:54:Infinity:undefined:undefined:undefined:undefined":0,"s:53:8:54:Infinity":7,"s:54:10:54:Infinity":8,"s:56:8:56:Infinity":9,"f:58:7:58:29":2,"s:59:8:59:Infinity":10,"s:67:4:106:Infinity":11,"f:67:39:67:Infinity":3,"s:69:53:69:Infinity":12,"s:70:14:70:40":13,"s:72:8:72:Infinity":14,"b:74:8:81:Infinity:undefined:undefined:undefined:undefined":1,"s:74:8:81:Infinity":15,"s:75:10:75:Infinity":16,"s:76:10:76:Infinity":17,"s:77:10:79:Infinity":18,"s:81:10:81:Infinity":19,"b:84:8:87:Infinity:undefined:undefined:undefined:undefined":2,"s:84:8:87:Infinity":20,"s:85:10:85:Infinity":21,"s:87:10:87:Infinity":22,"s:91:8:91:Infinity":23,"f:93:6:93:13":4,"s:94:29:94:Infinity":24,"b:97:8:98:Infinity:undefined:undefined:undefined:undefined":3,"s:97:8:98:Infinity":25,"s:98:10:98:Infinity":26,"b:100:8:100:Infinity:undefined:undefined:undefined:undefined":4,"s:100:8:100:Infinity":27,"s:100:22:100:Infinity":28,"b:102:8:102:Infinity:undefined:undefined:undefined:undefined":5,"s:102:8:102:Infinity":29,"s:102:38:102:Infinity":30,"s:104:8:104:Infinity":31,"f:110:2:110:19":5,"b:110:59:110:61":6,"s:111:4:111:Infinity":32,"f:113:2:113:20":6,"b:113:60:113:62":7,"s:114:4:114:Infinity":33,"f:116:2:116:19":7,"b:116:59:116:61":8,"s:117:4:117:Infinity":34,"f:119:2:119:22":8,"b:119:63:119:65":9,"s:120:4:120:Infinity":35,"f:122:2:122:11":9,"b:122:51:122:53":10,"s:123:4:127:Infinity":36},"fnNames":{}}}
,"/Users/alex/yi/fragrans-drive-tests/src/api/config/servicePort.ts": {"path":"/Users/alex/yi/fragrans-drive-tests/src/api/config/servicePort.ts","statementMap":{"0":{"start":{"line":2,"column":20},"end":{"line":2,"column":null}}},"fnMap":{},"branchMap":{},"s":{"0":2},"f":{},"b":{},"meta":{"lastBranch":0,"lastFunction":0,"lastStatement":1,"seen":{"s:2:20:2:Infinity":0},"fnNames":{}}}
,"/Users/alex/yi/fragrans-drive-tests/src/api/helper/axiosCancel.ts": {"path":"/Users/alex/yi/fragrans-drive-tests/src/api/helper/axiosCancel.ts","statementMap":{"0":{"start":{"line":7,"column":17},"end":{"line":7,"column":44}},"1":{"start":{"line":10,"column":13},"end":{"line":16,"column":13}},"2":{"start":{"line":11,"column":2},"end":{"line":16,"column":13}},"3":{"start":{"line":26,"column":4},"end":{"line":26,"column":null}},"4":{"start":{"line":27,"column":16},"end":{"line":27,"column":37}},"5":{"start":{"line":28,"column":4},"end":{"line":35,"column":null}},"6":{"start":{"line":31,"column":8},"end":{"line":33,"column":null}},"7":{"start":{"line":33,"column":10},"end":{"line":33,"column":null}},"8":{"start":{"line":43,"column":16},"end":{"line":43,"column":37}},"9":{"start":{"line":45,"column":4},"end":{"line":49,"column":null}},"10":{"start":{"line":47,"column":21},"end":{"line":47,"column":40}},"11":{"start":{"line":48,"column":6},"end":{"line":48,"column":null}},"12":{"start":{"line":49,"column":6},"end":{"line":49,"column":null}},"13":{"start":{"line":57,"column":4},"end":{"line":59,"column":null}},"14":{"start":{"line":58,"column":6},"end":{"line":58,"column":null}},"15":{"start":{"line":60,"column":4},"end":{"line":60,"column":null}},"16":{"start":{"line":67,"column":4},"end":{"line":67,"column":null}}},"fnMap":{"0":{"name":"(anonymous_0)","decl":{"start":{"line":10,"column":13},"end":{"line":10,"column":30}},"loc":{"start":{"line":11,"column":2},"end":{"line":16,"column":13}},"line":11},"1":{"name":"addPending","decl":{"start":{"line":24,"column":2},"end":{"line":24,"column":13}},"loc":{"start":{"line":24,"column":41},"end":{"line":35,"column":null}},"line":24},"2":{"name":"(anonymous_2)","decl":{"start":{"line":30,"column":16},"end":{"line":30,"column":29}},"loc":{"start":{"line":30,"column":40},"end":{"line":35,"column":null}},"line":30},"3":{"name":"removePending","decl":{"start":{"line":42,"column":2},"end":{"line":42,"column":16}},"loc":{"start":{"line":42,"column":44},"end":{"line":49,"column":null}},"line":42},"4":{"name":"removeAllPending","decl":{"start":{"line":56,"column":2},"end":{"line":56,"column":21}},"loc":{"start":{"line":56,"column":21},"end":{"line":60,"column":null}},"line":56},"5":{"name":"(anonymous_5)","decl":{"start":{"line":57,"column":15},"end":{"line":57,"column":24}},"loc":{"start":{"line":57,"column":35},"end":{"line":59,"column":null}},"line":57},"6":{"name":"reset","decl":{"start":{"line":66,"column":2},"end":{"line":66,"column":16}},"loc":{"start":{"line":66,"column":16},"end":{"line":67,"column":null}},"line":66}},"branchMap":{"0":{"loc":{"start":{"line":29,"column":6},"end":{"line":35,"column":null}},"type":"binary-expr","locations":[{"start":{"line":29,"column":6},"end":{"line":29,"column":null}},{"start":{"line":30,"column":6},"end":{"line":35,"column":null}}],"line":29},"1":{"loc":{"start":{"line":31,"column":8},"end":{"line":33,"column":null}},"type":"if","locations":[{"start":{"line":31,"column":8},"end":{"line":33,"column":null}},{"start":{},"end":{}}],"line":31},"2":{"loc":{"start":{"line":45,"column":4},"end":{"line":49,"column":null}},"type":"if","locations":[{"start":{"line":45,"column":4},"end":{"line":49,"column":null}},{"start":{},"end":{}}],"line":45},"3":{"loc":{"start":{"line":58,"column":6},"end":{"line":58,"column":46}},"type":"binary-expr","locations":[{"start":{"line":58,"column":6},"end":{"line":58,"column":16}},{"start":{"line":58,"column":6},"end":{"line":58,"column":34}},{"start":{"line":58,"column":38},"end":{"line":58,"column":46}}],"line":58}},"s":{"0":1,"1":1,"2":10,"3":4,"4":4,"5":4,"6":4,"7":4,"8":5,"9":5,"10":1,"11":1,"12":1,"13":1,"14":2,"15":1,"16":4},"f":{"0":10,"1":4,"2":4,"3":5,"4":1,"5":2,"6":4},"b":{"0":[4,4],"1":[4,0],"2":[1,4],"3":[2,2,2]},"meta":{"lastBranch":4,"lastFunction":7,"lastStatement":17,"seen":{"s:7:17:7:44":0,"s:10:13:16:13":1,"f:10:13:10:30":0,"s:11:2:16:13":2,"f:24:2:24:13":1,"s:26:4:26:Infinity":3,"s:27:16:27:37":4,"s:28:4:35:Infinity":5,"b:29:6:29:Infinity:30:6:35:Infinity":0,"f:30:16:30:29":2,"b:31:8:33:Infinity:undefined:undefined:undefined:undefined":1,"s:31:8:33:Infinity":6,"s:33:10:33:Infinity":7,"f:42:2:42:16":3,"s:43:16:43:37":8,"b:45:4:49:Infinity:undefined:undefined:undefined:undefined":2,"s:45:4:49:Infinity":9,"s:47:21:47:40":10,"s:48:6:48:Infinity":11,"s:49:6:49:Infinity":12,"f:56:2:56:21":4,"s:57:4:59:Infinity":13,"f:57:15:57:24":5,"s:58:6:58:Infinity":14,"b:58:6:58:16:58:6:58:34:58:38:58:46":3,"s:60:4:60:Infinity":15,"f:66:2:66:16":6,"s:67:4:67:Infinity":16},"fnNames":{}}}
,"/Users/alex/yi/fragrans-drive-tests/src/api/helper/checkStatus.ts": {"path":"/Users/alex/yi/fragrans-drive-tests/src/api/helper/checkStatus.ts","statementMap":{"0":{"start":{"line":8,"column":13},"end":{"line":41,"column":null}},"1":{"start":{"line":9,"column":2},"end":{"line":41,"column":null}},"2":{"start":{"line":11,"column":6},"end":{"line":11,"column":null}},"3":{"start":{"line":12,"column":6},"end":{"line":12,"column":null}},"4":{"start":{"line":14,"column":6},"end":{"line":14,"column":null}},"5":{"start":{"line":15,"column":6},"end":{"line":15,"column":null}},"6":{"start":{"line":17,"column":6},"end":{"line":17,"column":null}},"7":{"start":{"line":18,"column":6},"end":{"line":18,"column":null}},"8":{"start":{"line":20,"column":6},"end":{"line":20,"column":null}},"9":{"start":{"line":21,"column":6},"end":{"line":21,"column":null}},"10":{"start":{"line":23,"column":6},"end":{"line":23,"column":null}},"11":{"start":{"line":24,"column":6},"end":{"line":24,"column":null}},"12":{"start":{"line":26,"column":6},"end":{"line":26,"column":null}},"13":{"start":{"line":27,"column":6},"end":{"line":27,"column":null}},"14":{"start":{"line":29,"column":6},"end":{"line":29,"column":null}},"15":{"start":{"line":30,"column":6},"end":{"line":30,"column":null}},"16":{"start":{"line":32,"column":6},"end":{"line":32,"column":null}},"17":{"start":{"line":33,"column":6},"end":{"line":33,"column":null}},"18":{"start":{"line":35,"column":6},"end":{"line":35,"column":null}},"19":{"start":{"line":36,"column":6},"end":{"line":36,"column":null}},"20":{"start":{"line":38,"column":6},"end":{"line":38,"column":null}},"21":{"start":{"line":39,"column":6},"end":{"line":39,"column":null}},"22":{"start":{"line":41,"column":6},"end":{"line":41,"column":null}}},"fnMap":{"0":{"name":"(anonymous_0)","decl":{"start":{"line":8,"column":13},"end":{"line":8,"column":28}},"loc":{"start":{"line":8,"column":53},"end":{"line":41,"column":null}},"line":8}},"branchMap":{"0":{"loc":{"start":{"line":9,"column":2},"end":{"line":41,"column":null}},"type":"switch","locations":[{"start":{"line":10,"column":4},"end":{"line":12,"column":null}},{"start":{"line":13,"column":4},"end":{"line":15,"column":null}},{"start":{"line":16,"column":4},"end":{"line":18,"column":null}},{"start":{"line":19,"column":4},"end":{"line":21,"column":null}},{"start":{"line":22,"column":4},"end":{"line":24,"column":null}},{"start":{"line":25,"column":4},"end":{"line":27,"column":null}},{"start":{"line":28,"column":4},"end":{"line":30,"column":null}},{"start":{"line":31,"column":4},"end":{"line":33,"column":null}},{"start":{"line":34,"column":4},"end":{"line":36,"column":null}},{"start":{"line":37,"column":4},"end":{"line":39,"column":null}},{"start":{"line":40,"column":4},"end":{"line":41,"column":null}}],"line":9}},"s":{"0":1,"1":11,"2":1,"3":1,"4":1,"5":1,"6":1,"7":1,"8":1,"9":1,"10":1,"11":1,"12":1,"13":1,"14":1,"15":1,"16":1,"17":1,"18":1,"19":1,"20":1,"21":1,"22":1},"f":{"0":11},"b":{"0":[1,1,1,1,1,1,1,1,1,1,1]},"meta":{"lastBranch":1,"lastFunction":1,"lastStatement":23,"seen":{"s:8:13:41:Infinity":0,"f:8:13:8:28":0,"b:10:4:12:Infinity:13:4:15:Infinity:16:4:18:Infinity:19:4:21:Infinity:22:4:24:Infinity:25:4:27:Infinity:28:4:30:Infinity:31:4:33:Infinity:34:4:36:Infinity:37:4:39:Infinity:40:4:41:Infinity":0,"s:9:2:41:Infinity":1,"s:11:6:11:Infinity":2,"s:12:6:12:Infinity":3,"s:14:6:14:Infinity":4,"s:15:6:15:Infinity":5,"s:17:6:17:Infinity":6,"s:18:6:18:Infinity":7,"s:20:6:20:Infinity":8,"s:21:6:21:Infinity":9,"s:23:6:23:Infinity":10,"s:24:6:24:Infinity":11,"s:26:6:26:Infinity":12,"s:27:6:27:Infinity":13,"s:29:6:29:Infinity":14,"s:30:6:30:Infinity":15,"s:32:6:32:Infinity":16,"s:33:6:33:Infinity":17,"s:35:6:35:Infinity":18,"s:36:6:36:Infinity":19,"s:38:6:38:Infinity":20,"s:39:6:39:Infinity":21,"s:41:6:41:Infinity":22},"fnNames":{}}}
,"/Users/alex/yi/fragrans-drive-tests/src/api/interface/index.ts": {"path":"/Users/alex/yi/fragrans-drive-tests/src/api/interface/index.ts","statementMap":{},"fnMap":{},"branchMap":{},"s":{},"f":{},"b":{},"meta":{"lastBranch":0,"lastFunction":0,"lastStatement":0,"seen":{},"fnNames":{}}}
,"/Users/alex/yi/fragrans-drive-tests/src/api/modules/storage.ts": {"path":"/Users/alex/yi/fragrans-drive-tests/src/api/modules/storage.ts","statementMap":{"0":{"start":{"line":10,"column":13},"end":{"line":11,"column":null}},"1":{"start":{"line":11,"column":2},"end":{"line":11,"column":null}},"2":{"start":{"line":15,"column":13},"end":{"line":16,"column":null}},"3":{"start":{"line":16,"column":2},"end":{"line":16,"column":null}},"4":{"start":{"line":20,"column":13},"end":{"line":21,"column":null}},"5":{"start":{"line":21,"column":2},"end":{"line":21,"column":null}},"6":{"start":{"line":25,"column":13},"end":{"line":26,"column":null}},"7":{"start":{"line":26,"column":2},"end":{"line":26,"column":null}},"8":{"start":{"line":30,"column":13},"end":{"line":33,"column":null}},"9":{"start":{"line":31,"column":2},"end":{"line":33,"column":null}},"10":{"start":{"line":37,"column":13},"end":{"line":41,"column":null}},"11":{"start":{"line":41,"column":2},"end":{"line":41,"column":null}},"12":{"start":{"line":45,"column":13},"end":{"line":46,"column":null}},"13":{"start":{"line":46,"column":2},"end":{"line":46,"column":null}},"14":{"start":{"line":50,"column":13},"end":{"line":51,"column":null}},"15":{"start":{"line":51,"column":2},"end":{"line":51,"column":null}}},"fnMap":{"0":{"name":"(anonymous_0)","decl":{"start":{"line":10,"column":13},"end":{"line":10,"column":29}},"loc":{"start":{"line":10,"column":66},"end":{"line":11,"column":null}},"line":10},"1":{"name":"(anonymous_1)","decl":{"start":{"line":15,"column":13},"end":{"line":15,"column":25}},"loc":{"start":{"line":15,"column":61},"end":{"line":16,"column":null}},"line":15},"2":{"name":"(anonymous_2)","decl":{"start":{"line":20,"column":13},"end":{"line":20,"column":27}},"loc":{"start":{"line":20,"column":42},"end":{"line":21,"column":null}},"line":20},"3":{"name":"(anonymous_3)","decl":{"start":{"line":25,"column":13},"end":{"line":25,"column":25}},"loc":{"start":{"line":25,"column":60},"end":{"line":26,"column":null}},"line":25},"4":{"name":"(anonymous_4)","decl":{"start":{"line":30,"column":13},"end":{"line":30,"column":24}},"loc":{"start":{"line":30,"column":39},"end":{"line":33,"column":null}},"line":30},"5":{"name":"(anonymous_5)","decl":{"start":{"line":37,"column":13},"end":{"line":37,"column":null}},"loc":{"start":{"line":40,"column":5},"end":{"line":41,"column":null}},"line":40},"6":{"name":"(anonymous_6)","decl":{"start":{"line":45,"column":13},"end":{"line":45,"column":24}},"loc":{"start":{"line":45,"column":43},"end":{"line":46,"column":null}},"line":45},"7":{"name":"(anonymous_7)","decl":{"start":{"line":50,"column":13},"end":{"line":50,"column":31}},"loc":{"start":{"line":50,"column":50},"end":{"line":51,"column":null}},"line":50}},"branchMap":{},"s":{"0":1,"1":1,"2":1,"3":1,"4":1,"5":1,"6":1,"7":1,"8":1,"9":1,"10":1,"11":1,"12":1,"13":1,"14":1,"15":1},"f":{"0":1,"1":1,"2":1,"3":1,"4":1,"5":1,"6":1,"7":1},"b":{},"meta":{"lastBranch":0,"lastFunction":8,"lastStatement":16,"seen":{"s:10:13:11:Infinity":0,"f:10:13:10:29":0,"s:11:2:11:Infinity":1,"s:15:13:16:Infinity":2,"f:15:13:15:25":1,"s:16:2:16:Infinity":3,"s:20:13:21:Infinity":4,"f:20:13:20:27":2,"s:21:2:21:Infinity":5,"s:25:13:26:Infinity":6,"f:25:13:25:25":3,"s:26:2:26:Infinity":7,"s:30:13:33:Infinity":8,"f:30:13:30:24":4,"s:31:2:33:Infinity":9,"s:37:13:41:Infinity":10,"f:37:13:37:Infinity":5,"s:41:2:41:Infinity":11,"s:45:13:46:Infinity":12,"f:45:13:45:24":6,"s:46:2:46:Infinity":13,"s:50:13:51:Infinity":14,"f:50:13:50:31":7,"s:51:2:51:Infinity":15},"fnNames":{}}}
,"/Users/alex/yi/fragrans-drive-tests/src/api/modules/user.ts": {"path":"/Users/alex/yi/fragrans-drive-tests/src/api/modules/user.ts","statementMap":{"0":{"start":{"line":9,"column":13},"end":{"line":10,"column":null}},"1":{"start":{"line":10,"column":2},"end":{"line":10,"column":null}},"2":{"start":{"line":13,"column":13},"end":{"line":14,"column":null}},"3":{"start":{"line":14,"column":2},"end":{"line":14,"column":null}}},"fnMap":{"0":{"name":"(anonymous_0)","decl":{"start":{"line":9,"column":13},"end":{"line":9,"column":26}},"loc":{"start":{"line":9,"column":57},"end":{"line":10,"column":null}},"line":9},"1":{"name":"(anonymous_1)","decl":{"start":{"line":13,"column":13},"end":{"line":13,"column":33}},"loc":{"start":{"line":13,"column":33},"end":{"line":14,"column":null}},"line":13}},"branchMap":{},"s":{"0":1,"1":1,"2":1,"3":1},"f":{"0":1,"1":1},"b":{},"meta":{"lastBranch":0,"lastFunction":2,"lastStatement":4,"seen":{"s:9:13:10:Infinity":0,"f:9:13:9:26":0,"s:10:2:10:Infinity":1,"s:13:13:14:Infinity":2,"f:13:13:13:33":1,"s:14:2:14:Infinity":3},"fnNames":{}}}
,"/Users/alex/yi/fragrans-drive-tests/src/components/StorageCard/index.vue": {"path":"/Users/alex/yi/fragrans-drive-tests/src/components/StorageCard/index.vue","statementMap":{"0":{"start":{"line":7,"column":6},"end":{"line":7,"column":25}},"1":{"start":{"line":8,"column":6},"end":{"line":8,"column":32}},"2":{"start":{"line":9,"column":6},"end":{"line":9,"column":32}},"3":{"start":{"line":10,"column":6},"end":{"line":10,"column":32}},"4":{"start":{"line":11,"column":17},"end":{"line":11,"column":null}},"5":{"start":{"line":44,"column":13},"end":{"line":44,"column":null}},"6":{"start":{"line":46,"column":14},"end":{"line":46,"column":null}},"7":{"start":{"line":80,"column":6},"end":{"line":81,"column":null}},"8":{"start":{"line":81,"column":2},"end":{"line":81,"column":null}},"9":{"start":{"line":84,"column":6},"end":{"line":92,"column":null}},"10":{"start":{"line":85,"column":2},"end":{"line":92,"column":null}},"11":{"start":{"line":95,"column":6},"end":{"line":97,"column":null}},"12":{"start":{"line":96,"column":2},"end":{"line":97,"column":null}},"13":{"start":{"line":97,"column":4},"end":{"line":97,"column":null}},"14":{"start":{"line":101,"column":6},"end":{"line":103,"column":null}},"15":{"start":{"line":102,"column":2},"end":{"line":103,"column":null}},"16":{"start":{"line":103,"column":4},"end":{"line":103,"column":null}},"17":{"start":{"line":107,"column":6},"end":{"line":107,"column":null}},"18":{"start":{"line":107,"column":34},"end":{"line":107,"column":null}},"19":{"start":{"line":109,"column":6},"end":{"line":109,"column":null}},"20":{"start":{"line":109,"column":26},"end":{"line":109,"column":null}},"21":{"start":{"line":142,"column":15},"end":{"line":142,"column":32}},"22":{"start":{"line":167,"column":17},"end":{"line":167,"column":29}},"23":{"start":{"line":168,"column":17},"end":{"line":168,"column":30}},"24":{"start":{"line":169,"column":17},"end":{"line":169,"column":29}},"25":{"start":{"line":113,"column":2},"end":{"line":169,"column":44}},"26":{"start":{"line":179,"column":27},"end":{"line":177,"column":27}},"27":{"start":{"line":176,"column":55},"end":{"line":177,"column":27}},"28":{"start":{"line":176,"column":10},"end":{"line":177,"column":27}},"29":{"start":{"line":177,"column":27},"end":{"line":177,"column":27}},"30":{"start":{"line":173,"column":12},"end":{"line":169,"column":44}},"31":{"start":{"line":117,"column":49},"end":{"line":117,"column":73}},"32":{"start":{"line":117,"column":85},"end":{"line":117,"column":null}},"33":{"start":{"line":119,"column":86},"end":{"line":119,"column":110}},"34":{"start":{"line":120,"column":73},"end":{"line":120,"column":83}},"35":{"start":{"line":138,"column":37},"end":{"line":136,"column":37}},"36":{"start":{"line":135,"column":65},"end":{"line":136,"column":37}},"37":{"start":{"line":135,"column":20},"end":{"line":136,"column":37}},"38":{"start":{"line":136,"column":37},"end":{"line":136,"column":37}},"39":{"start":{"line":132,"column":26},"end":{"line":131,"column":null}},"40":{"start":{"line":131,"column":26},"end":{"line":131,"column":null}}},"fnMap":{"0":{"name":"(anonymous_0)","decl":{"start":{"line":80,"column":17},"end":{"line":80,"column":null}},"loc":{"start":{"line":81,"column":2},"end":{"line":81,"column":null}},"line":81},"1":{"name":"(anonymous_1)","decl":{"start":{"line":84,"column":6},"end":{"line":84,"column":23}},"loc":{"start":{"line":85,"column":2},"end":{"line":92,"column":null}},"line":85},"2":{"name":"(anonymous_2)","decl":{"start":{"line":95,"column":6},"end":{"line":95,"column":30}},"loc":{"start":{"line":95,"column":30},"end":{"line":97,"column":null}},"line":95},"3":{"name":"(anonymous_3)","decl":{"start":{"line":101,"column":6},"end":{"line":101,"column":30}},"loc":{"start":{"line":101,"column":30},"end":{"line":103,"column":null}},"line":101},"4":{"name":"(anonymous_4)","decl":{"start":{"line":107,"column":6},"end":{"line":107,"column":34}},"loc":{"start":{"line":107,"column":34},"end":{"line":107,"column":null}},"line":107},"5":{"name":"(anonymous_5)","decl":{"start":{"line":109,"column":6},"end":{"line":109,"column":26}},"loc":{"start":{"line":109,"column":26},"end":{"line":109,"column":null}},"line":109},"6":{"name":"(anonymous_6)","decl":{"start":{"line":174,"column":25},"end":{"line":174,"column":null}},"loc":{"start":{"line":179,"column":27},"end":{"line":177,"column":27}},"line":179},"7":{"name":"(anonymous_7)","decl":{"start":{"line":176,"column":55},"end":{"line":176,"column":57}},"loc":{"start":{"line":176,"column":55},"end":{"line":177,"column":27}},"line":176},"8":{"name":"(anonymous_8)","decl":{"start":{"line":176,"column":43},"end":{"line":176,"column":55}},"loc":{"start":{"line":176,"column":39},"end":{"line":177,"column":27}},"line":176},"9":{"name":"(anonymous_9)","decl":{"start":{"line":177,"column":27},"end":{"line":177,"column":null}},"loc":{"start":{"line":177,"column":27},"end":{"line":177,"column":27}},"line":177},"10":{"name":"(anonymous_10)","decl":{"start":{"line":173,"column":12},"end":{"line":173,"column":null}},"loc":{"start":{"line":173,"column":12},"end":{"line":169,"column":44}},"line":173},"11":{"name":"(anonymous_11)","decl":{"start":{"line":117,"column":47},"end":{"line":117,"column":49}},"loc":{"start":{"line":117,"column":49},"end":{"line":117,"column":73}},"line":117},"12":{"name":"(anonymous_12)","decl":{"start":{"line":117,"column":83},"end":{"line":117,"column":85}},"loc":{"start":{"line":117,"column":85},"end":{"line":117,"column":null}},"line":117},"13":{"name":"(anonymous_13)","decl":{"start":{"line":119,"column":79},"end":{"line":119,"column":86}},"loc":{"start":{"line":119,"column":86},"end":{"line":119,"column":110}},"line":119},"14":{"name":"(anonymous_14)","decl":{"start":{"line":120,"column":73},"end":{"line":120,"column":83}},"loc":{"start":{"line":120,"column":73},"end":{"line":120,"column":83}},"line":120},"15":{"name":"(anonymous_15)","decl":{"start":{"line":123,"column":53},"end":{"line":123,"column":58}},"loc":{"start":{"line":123,"column":47},"end":{"line":123,"column":48}},"line":123},"16":{"name":"(anonymous_16)","decl":{"start":{"line":133,"column":35},"end":{"line":133,"column":null}},"loc":{"start":{"line":138,"column":37},"end":{"line":136,"column":37}},"line":138},"17":{"name":"(anonymous_17)","decl":{"start":{"line":135,"column":65},"end":{"line":135,"column":67}},"loc":{"start":{"line":135,"column":65},"end":{"line":136,"column":37}},"line":135},"18":{"name":"(anonymous_18)","decl":{"start":{"line":135,"column":53},"end":{"line":135,"column":65}},"loc":{"start":{"line":135,"column":49},"end":{"line":136,"column":37}},"line":135},"19":{"name":"(anonymous_19)","decl":{"start":{"line":136,"column":37},"end":{"line":136,"column":null}},"loc":{"start":{"line":136,"column":37},"end":{"line":136,"column":37}},"line":136},"20":{"name":"(anonymous_20)","decl":{"start":{"line":132,"column":26},"end":{"line":132,"column":null}},"loc":{"start":{"line":132,"column":26},"end":{"line":131,"column":null}},"line":132},"21":{"name":"(anonymous_21)","decl":{"start":{"line":131,"column":26},"end":{"line":131,"column":null}},"loc":{"start":{"line":131,"column":26},"end":{"line":131,"column":null}},"line":131}},"branchMap":{"0":{"loc":{"start":{"line":81,"column":2},"end":{"line":81,"column":null}},"type":"cond-expr","locations":[{"start":{"line":81,"column":26},"end":{"line":81,"column":41}},{"start":{"line":81,"column":41},"end":{"line":81,"column":null}}],"line":81},"1":{"loc":{"start":{"line":85,"column":2},"end":{"line":92,"column":null}},"type":"binary-expr","locations":[{"start":{"line":85,"column":2},"end":{"line":85,"column":null}},{"start":{"line":86,"column":2},"end":{"line":92,"column":null}}],"line":85},"2":{"loc":{"start":{"line":96,"column":2},"end":{"line":97,"column":null}},"type":"if","locations":[{"start":{"line":96,"column":2},"end":{"line":97,"column":null}},{"start":{},"end":{}}],"line":96},"3":{"loc":{"start":{"line":102,"column":2},"end":{"line":103,"column":null}},"type":"if","locations":[{"start":{"line":102,"column":2},"end":{"line":103,"column":null}},{"start":{},"end":{}}],"line":102},"4":{"loc":{"start":{"line":103,"column":4},"end":{"line":103,"column":59}},"type":"binary-expr","locations":[{"start":{"line":103,"column":4},"end":{"line":103,"column":26}},{"start":{"line":103,"column":26},"end":{"line":103,"column":59}}],"line":103},"5":{"loc":{"start":{"line":114,"column":16},"end":{"line":169,"column":44}},"type":"cond-expr","locations":[{"start":{"line":114,"column":16},"end":{"line":169,"column":44}}],"line":114},"6":{"loc":{"start":{"line":117,"column":47},"end":{"line":117,"column":73}},"type":"binary-expr","locations":[{"start":{"line":117,"column":47},"end":{"line":117,"column":49}},{"start":{"line":117,"column":47},"end":{"line":117,"column":73}}],"line":117},"7":{"loc":{"start":{"line":117,"column":83},"end":{"line":117,"column":null}},"type":"binary-expr","locations":[{"start":{"line":117,"column":83},"end":{"line":117,"column":85}},{"start":{"line":117,"column":83},"end":{"line":117,"column":null}}],"line":117},"8":{"loc":{"start":{"line":118,"column":12},"end":{"line":118,"column":42}},"type":"binary-expr","locations":[{"start":{"line":118,"column":12},"end":{"line":118,"column":17}},{"start":{"line":118,"column":12},"end":{"line":118,"column":42}}],"line":118},"9":{"loc":{"start":{"line":119,"column":79},"end":{"line":119,"column":null}},"type":"binary-expr","locations":[{"start":{"line":119,"column":79},"end":{"line":119,"column":86}},{"start":{"line":119,"column":79},"end":{"line":119,"column":null}}],"line":119},"10":{"loc":{"start":{"line":120,"column":27},"end":{"line":121,"column":null}},"type":"cond-expr","locations":[{"start":{"line":120,"column":27},"end":{"line":121,"column":24}},{"start":{"line":121,"column":12},"end":{"line":121,"column":24}}],"line":120},"11":{"loc":{"start":{"line":123,"column":53},"end":{"line":123,"column":null}},"type":"binary-expr","locations":[{"start":{"line":123,"column":53},"end":{"line":123,"column":58}},{"start":{"line":123,"column":53},"end":{"line":123,"column":null}}],"line":123},"12":{"loc":{"start":{"line":126,"column":32},"end":{"line":126,"column":58}},"type":"binary-expr","locations":[{"start":{"line":126,"column":32},"end":{"line":126,"column":50}},{"start":{"line":126,"column":50},"end":{"line":126,"column":58}}],"line":126},"13":{"loc":{"start":{"line":145,"column":38},"end":{"line":145,"column":null}},"type":"binary-expr","locations":[{"start":{"line":145,"column":38},"end":{"line":145,"column":76}},{"start":{"line":145,"column":76},"end":{"line":145,"column":null}}],"line":145},"14":{"loc":{"start":{"line":160,"column":26},"end":{"line":162,"column":null}},"type":"cond-expr","locations":[{"start":{"line":160,"column":26},"end":{"line":162,"column":null}}],"line":160}},"s":{"0":6,"1":6,"2":6,"3":6,"4":6,"5":6,"6":6,"7":6,"8":5,"9":6,"10":1,"11":6,"12":2,"13":1,"14":6,"15":1,"16":1,"17":6,"18":0,"19":6,"20":0,"21":2,"22":2,"23":2,"24":2,"25":6,"26":20,"27":5,"28":20,"29":20,"30":10,"31":0,"32":0,"33":1,"34":0,"35":20,"36":20,"37":80,"38":80,"39":10,"40":10},"f":{"0":5,"1":1,"2":2,"3":1,"4":0,"5":0,"6":20,"7":5,"8":20,"9":20,"10":10,"11":0,"12":0,"13":1,"14":0,"15":0,"16":20,"17":20,"18":80,"19":80,"20":10,"21":10},"b":{"0":[5,0],"1":[1,1],"2":[1,1],"3":[1,0],"4":[1,1],"5":[5],"6":[10,5],"7":[10,5],"8":[10,5],"9":[10,5],"10":[0,10],"11":[10,5],"12":[10,10],"13":[10,0],"14":[10]},"meta":{"lastBranch":0,"lastFunction":0,"lastStatement":0,"seen":{},"fnNames":{}}}
,"/Users/alex/yi/fragrans-drive-tests/src/components/StorageItem/index.vue": {"path":"/Users/alex/yi/fragrans-drive-tests/src/components/StorageItem/index.vue","statementMap":{"0":{"start":{"line":11,"column":14},"end":{"line":11,"column":null}},"1":{"start":{"line":16,"column":6},"end":{"line":16,"column":25}},"2":{"start":{"line":18,"column":6},"end":{"line":21,"column":null}},"3":{"start":{"line":19,"column":2},"end":{"line":19,"column":null}},"4":{"start":{"line":19,"column":22},"end":{"line":19,"column":null}},"5":{"start":{"line":21,"column":2},"end":{"line":21,"column":null}},"6":{"start":{"line":24,"column":0},"end":{"line":27,"column":null}},"7":{"start":{"line":31,"column":2},"end":{"line":37,"column":27}},"8":{"start":{"line":34,"column":102},"end":{"line":34,"column":102}}},"fnMap":{"0":{"name":"(anonymous_0)","decl":{"start":{"line":18,"column":6},"end":{"line":18,"column":26}},"loc":{"start":{"line":18,"column":26},"end":{"line":21,"column":null}},"line":18},"1":{"name":"(anonymous_1)","decl":{"start":{"line":33,"column":22},"end":{"line":33,"column":null}},"loc":{"start":{"line":34,"column":102},"end":{"line":34,"column":102}},"line":34}},"branchMap":{"0":{"loc":{"start":{"line":19,"column":2},"end":{"line":19,"column":null}},"type":"if","locations":[{"start":{"line":19,"column":2},"end":{"line":19,"column":null}},{"start":{},"end":{}}],"line":19}},"s":{"0":3,"1":3,"2":3,"3":2,"4":1,"5":1,"6":3,"7":3,"8":0},"f":{"0":2,"1":0},"b":{"0":[1,1]},"meta":{"lastBranch":1,"lastFunction":2,"lastStatement":9,"seen":{"s:11:14:11:Infinity":0,"s:16:6:16:25":1,"s:18:6:21:Infinity":2,"f:18:6:18:26":0,"b:19:2:19:Infinity:undefined:undefined:undefined:undefined":0,"s:19:2:19:Infinity":3,"s:19:22:19:Infinity":4,"s:21:2:21:Infinity":5,"s:24:0:27:Infinity":6,"s:31:2:37:27":7,"f:33:22:33:Infinity":1,"s:34:102:34:102":8},"fnNames":{}}}
,"/Users/alex/yi/fragrans-drive-tests/src/components/VideoPlayer/index.vue": {"path":"/Users/alex/yi/fragrans-drive-tests/src/components/VideoPlayer/index.vue","statementMap":{"0":{"start":{"line":21,"column":14},"end":{"line":21,"column":null}},"1":{"start":{"line":28,"column":0},"end":{"line":37,"column":null}},"2":{"start":{"line":30,"column":2},"end":{"line":34,"column":null}},"3":{"start":{"line":31,"column":4},"end":{"line":31,"column":null}},"4":{"start":{"line":33,"column":4},"end":{"line":34,"column":null}},"5":{"start":{"line":34,"column":6},"end":{"line":34,"column":null}},"6":{"start":{"line":39,"column":6},"end":{"line":39,"column":40}},"7":{"start":{"line":39,"column":26},"end":{"line":39,"column":40}},"8":{"start":{"line":41,"column":0},"end":{"line":41,"column":null}},"9":{"start":{"line":45,"column":7},"end":{"line":45,"column":35}},"10":{"start":{"line":52,"column":9},"end":{"line":52,"column":30}},"11":{"start":{"line":53,"column":11},"end":{"line":53,"column":32}},"12":{"start":{"line":45,"column":2},"end":{"line":65,"column":null}},"13":{"start":{"line":49,"column":17},"end":{"line":49,"column":null}}},"fnMap":{"0":{"name":"(anonymous_0)","decl":{"start":{"line":28,"column":0},"end":{"line":28,"column":16}},"loc":{"start":{"line":28,"column":16},"end":{"line":37,"column":null}},"line":28},"1":{"name":"(anonymous_1)","decl":{"start":{"line":30,"column":11},"end":{"line":30,"column":24}},"loc":{"start":{"line":30,"column":45},"end":{"line":34,"column":null}},"line":30},"2":{"name":"(anonymous_2)","decl":{"start":{"line":39,"column":6},"end":{"line":39,"column":26}},"loc":{"start":{"line":39,"column":26},"end":{"line":39,"column":40}},"line":39},"3":{"name":"(anonymous_3)","decl":{"start":{"line":49,"column":17},"end":{"line":49,"column":null}},"loc":{"start":{"line":49,"column":17},"end":{"line":49,"column":null}},"line":49}},"branchMap":{"0":{"loc":{"start":{"line":31,"column":9},"end":{"line":31,"column":null}},"type":"binary-expr","locations":[{"start":{"line":31,"column":9},"end":{"line":31,"column":43}},{"start":{"line":31,"column":43},"end":{"line":31,"column":null}}],"line":31},"1":{"loc":{"start":{"line":33,"column":4},"end":{"line":34,"column":null}},"type":"if","locations":[{"start":{"line":33,"column":4},"end":{"line":34,"column":null}},{"start":{},"end":{}}],"line":33},"2":{"loc":{"start":{"line":33,"column":8},"end":{"line":33,"column":49}},"type":"binary-expr","locations":[{"start":{"line":33,"column":8},"end":{"line":33,"column":31}},{"start":{"line":33,"column":31},"end":{"line":33,"column":49}}],"line":33},"3":{"loc":{"start":{"line":46,"column":4},"end":{"line":46,"column":37}},"type":"binary-expr","locations":[{"start":{"line":46,"column":4},"end":{"line":46,"column":9}},{"start":{"line":46,"column":4},"end":{"line":46,"column":37}}],"line":46}},"s":{"0":4,"1":4,"2":4,"3":2,"4":2,"5":2,"6":4,"7":1,"8":4,"9":2,"10":2,"11":2,"12":4,"13":0},"f":{"0":4,"1":2,"2":1,"3":0},"b":{"0":[2,0],"1":[2,0],"2":[2,1],"3":[4,4]},"meta":{"lastBranch":0,"lastFunction":0,"lastStatement":0,"seen":{},"fnNames":{}}}
,"/Users/alex/yi/fragrans-drive-tests/src/config/config.ts": {"path":"/Users/alex/yi/fragrans-drive-tests/src/config/config.ts","statementMap":{"0":{"start":{"line":2,"column":24},"end":{"line":2,"column":null}},"1":{"start":{"line":5,"column":25},"end":{"line":5,"column":null}},"2":{"start":{"line":8,"column":25},"end":{"line":8,"column":null}},"3":{"start":{"line":11,"column":26},"end":{"line":11,"column":49}}},"fnMap":{},"branchMap":{},"s":{"0":6,"1":6,"2":6,"3":6},"f":{},"b":{},"meta":{"lastBranch":0,"lastFunction":0,"lastStatement":4,"seen":{"s:2:24:2:Infinity":0,"s:5:25:5:Infinity":1,"s:8:25:8:Infinity":2,"s:11:26:11:49":3},"fnNames":{}}}
,"/Users/alex/yi/fragrans-drive-tests/src/config/piniaPersist.ts": {"path":"/Users/alex/yi/fragrans-drive-tests/src/config/piniaPersist.ts","statementMap":{"0":{"start":{"line":8,"column":6},"end":{"line":15,"column":null}},"1":{"start":{"line":9,"column":38},"end":{"line":13,"column":null}},"2":{"start":{"line":15,"column":2},"end":{"line":15,"column":null}}},"fnMap":{"0":{"name":"(anonymous_0)","decl":{"start":{"line":8,"column":6},"end":{"line":8,"column":28}},"loc":{"start":{"line":8,"column":44},"end":{"line":15,"column":null}},"line":8}},"branchMap":{},"s":{"0":6,"1":6,"2":6},"f":{"0":6},"b":{},"meta":{"lastBranch":0,"lastFunction":1,"lastStatement":3,"seen":{"s:8:6:15:Infinity":0,"f:8:6:8:28":0,"s:9:38:13:Infinity":1,"s:15:2:15:Infinity":2},"fnNames":{}}}
,"/Users/alex/yi/fragrans-drive-tests/src/enums/events.ts": {"path":"/Users/alex/yi/fragrans-drive-tests/src/enums/events.ts","statementMap":{"0":{"start":{"line":4,"column":7},"end":{"line":6,"column":null}},"1":{"start":{"line":5,"column":2},"end":{"line":5,"column":null}}},"fnMap":{"0":{"name":"(anonymous_0)","decl":{"start":{"line":4,"column":7},"end":{"line":4,"column":12}},"loc":{"start":{"line":4,"column":7},"end":{"line":6,"column":null}},"line":4}},"branchMap":{},"s":{"0":2,"1":2},"f":{"0":2},"b":{},"meta":{"lastBranch":0,"lastFunction":1,"lastStatement":2,"seen":{"s:4:7:6:Infinity":0,"f:4:7:4:12":0,"s:5:2:5:Infinity":1},"fnNames":{}}}
,"/Users/alex/yi/fragrans-drive-tests/src/enums/httpEnum.ts": {"path":"/Users/alex/yi/fragrans-drive-tests/src/enums/httpEnum.ts","statementMap":{"0":{"start":{"line":5,"column":7},"end":{"line":14,"column":null}},"1":{"start":{"line":6,"column":2},"end":{"line":6,"column":null}},"2":{"start":{"line":7,"column":2},"end":{"line":7,"column":null}},"3":{"start":{"line":8,"column":2},"end":{"line":8,"column":null}},"4":{"start":{"line":9,"column":2},"end":{"line":9,"column":null}},"5":{"start":{"line":10,"column":2},"end":{"line":10,"column":null}},"6":{"start":{"line":11,"column":2},"end":{"line":11,"column":null}},"7":{"start":{"line":12,"column":2},"end":{"line":12,"column":null}},"8":{"start":{"line":13,"column":2},"end":{"line":13,"column":null}},"9":{"start":{"line":19,"column":7},"end":{"line":25,"column":null}},"10":{"start":{"line":20,"column":2},"end":{"line":20,"column":null}},"11":{"start":{"line":21,"column":2},"end":{"line":21,"column":null}},"12":{"start":{"line":22,"column":2},"end":{"line":22,"column":null}},"13":{"start":{"line":23,"column":2},"end":{"line":23,"column":null}},"14":{"start":{"line":24,"column":2},"end":{"line":24,"column":null}},"15":{"start":{"line":30,"column":7},"end":{"line":39,"column":null}},"16":{"start":{"line":32,"column":2},"end":{"line":32,"column":null}},"17":{"start":{"line":34,"column":2},"end":{"line":34,"column":null}},"18":{"start":{"line":36,"column":2},"end":{"line":36,"column":null}},"19":{"start":{"line":38,"column":2},"end":{"line":38,"column":null}}},"fnMap":{"0":{"name":"(anonymous_0)","decl":{"start":{"line":5,"column":7},"end":{"line":5,"column":12}},"loc":{"start":{"line":5,"column":7},"end":{"line":14,"column":null}},"line":5},"1":{"name":"(anonymous_1)","decl":{"start":{"line":19,"column":7},"end":{"line":19,"column":12}},"loc":{"start":{"line":19,"column":7},"end":{"line":25,"column":null}},"line":19},"2":{"name":"(anonymous_2)","decl":{"start":{"line":30,"column":7},"end":{"line":30,"column":12}},"loc":{"start":{"line":30,"column":7},"end":{"line":39,"column":null}},"line":30}},"branchMap":{},"s":{"0":2,"1":2,"2":2,"3":2,"4":2,"5":2,"6":2,"7":2,"8":2,"9":2,"10":2,"11":2,"12":2,"13":2,"14":2,"15":2,"16":2,"17":2,"18":2,"19":2},"f":{"0":2,"1":2,"2":2},"b":{},"meta":{"lastBranch":0,"lastFunction":3,"lastStatement":20,"seen":{"s:5:7:14:Infinity":0,"f:5:7:5:12":0,"s:6:2:6:Infinity":1,"s:7:2:7:Infinity":2,"s:8:2:8:Infinity":3,"s:9:2:9:Infinity":4,"s:10:2:10:Infinity":5,"s:11:2:11:Infinity":6,"s:12:2:12:Infinity":7,"s:13:2:13:Infinity":8,"s:19:7:25:Infinity":9,"f:19:7:19:12":1,"s:20:2:20:Infinity":10,"s:21:2:21:Infinity":11,"s:22:2:22:Infinity":12,"s:23:2:23:Infinity":13,"s:24:2:24:Infinity":14,"s:30:7:39:Infinity":15,"f:30:7:30:12":2,"s:32:2:32:Infinity":16,"s:34:2:34:Infinity":17,"s:36:2:36:Infinity":18,"s:38:2:38:Infinity":19},"fnNames":{}}}
,"/Users/alex/yi/fragrans-drive-tests/src/hooks/useCreateFolder.ts": {"path":"/Users/alex/yi/fragrans-drive-tests/src/hooks/useCreateFolder.ts","statementMap":{"0":{"start":{"line":10,"column":13},"end":{"line":46,"column":null}},"1":{"start":{"line":15,"column":2},"end":{"line":18,"column":null}},"2":{"start":{"line":20,"column":2},"end":{"line":46,"column":null}},"3":{"start":{"line":26,"column":44},"end":{"line":26,"column":null}},"4":{"start":{"line":32,"column":6},"end":{"line":32,"column":null}},"5":{"start":{"line":34,"column":6},"end":{"line":43,"column":null}},"6":{"start":{"line":35,"column":8},"end":{"line":35,"column":null}},"7":{"start":{"line":37,"column":8},"end":{"line":37,"column":null}},"8":{"start":{"line":38,"column":8},"end":{"line":43,"column":null}},"9":{"start":{"line":46,"column":17},"end":{"line":46,"column":44}}},"fnMap":{"0":{"name":"(anonymous_0)","decl":{"start":{"line":10,"column":13},"end":{"line":10,"column":null}},"loc":{"start":{"line":14,"column":5},"end":{"line":46,"column":null}},"line":14},"1":{"name":"(anonymous_1)","decl":{"start":{"line":25,"column":5},"end":{"line":25,"column":11}},"loc":{"start":{"line":25,"column":28},"end":{"line":45,"column":null}},"line":25},"2":{"name":"(anonymous_2)","decl":{"start":{"line":46,"column":5},"end":{"line":46,"column":17}},"loc":{"start":{"line":46,"column":17},"end":{"line":46,"column":44}},"line":46}},"branchMap":{"0":{"loc":{"start":{"line":34,"column":6},"end":{"line":43,"column":null}},"type":"if","locations":[{"start":{"line":34,"column":6},"end":{"line":43,"column":null}},{"start":{"line":36,"column":13},"end":{"line":43,"column":null}}],"line":34},"1":{"loc":{"start":{"line":38,"column":8},"end":{"line":43,"column":12}},"type":"binary-expr","locations":[{"start":{"line":38,"column":8},"end":{"line":38,"column":null}},{"start":{"line":39,"column":10},"end":{"line":43,"column":12}}],"line":38}},"s":{"0":2,"1":3,"2":3,"3":2,"4":2,"5":2,"6":1,"7":1,"8":1,"9":1},"f":{"0":3,"1":2,"2":1},"b":{"0":[1,1],"1":[1,1]},"meta":{"lastBranch":2,"lastFunction":3,"lastStatement":10,"seen":{"s:10:13:46:Infinity":0,"f:10:13:10:Infinity":0,"s:15:2:18:Infinity":1,"s:20:2:46:Infinity":2,"f:25:5:25:11":1,"s:26:44:26:Infinity":3,"s:32:6:32:Infinity":4,"b:34:6:43:Infinity:36:13:43:Infinity":0,"s:34:6:43:Infinity":5,"s:35:8:35:Infinity":6,"s:37:8:37:Infinity":7,"s:38:8:43:Infinity":8,"b:38:8:38:Infinity:39:10:43:12":1,"f:46:5:46:17":2,"s:46:17:46:44":9},"fnNames":{}}}
,"/Users/alex/yi/fragrans-drive-tests/src/hooks/useFetchFiles.ts": {"path":"/Users/alex/yi/fragrans-drive-tests/src/hooks/useFetchFiles.ts","statementMap":{"0":{"start":{"line":8,"column":6},"end":{"line":20,"column":null}},"1":{"start":{"line":9,"column":13},"end":{"line":9,"column":31}},"2":{"start":{"line":10,"column":14},"end":{"line":10,"column":24}},"3":{"start":{"line":11,"column":8},"end":{"line":11,"column":35}},"4":{"start":{"line":12,"column":8},"end":{"line":12,"column":34}},"5":{"start":{"line":13,"column":8},"end":{"line":13,"column":40}},"6":{"start":{"line":14,"column":8},"end":{"line":14,"column":41}},"7":{"start":{"line":16,"column":2},"end":{"line":20,"column":null}},"8":{"start":{"line":23,"column":13},"end":{"line":37,"column":null}},"9":{"start":{"line":23,"column":47},"end":{"line":37,"column":null}},"10":{"start":{"line":39,"column":6},"end":{"line":39,"column":54}},"11":{"start":{"line":39,"column":39},"end":{"line":39,"column":54}},"12":{"start":{"line":41,"column":13},"end":{"line":57,"column":null}},"13":{"start":{"line":42,"column":33},"end":{"line":42,"column":35}},"14":{"start":{"line":43,"column":31},"end":{"line":43,"column":33}},"15":{"start":{"line":45,"column":2},"end":{"line":53,"column":null}},"16":{"start":{"line":46,"column":20},"end":{"line":46,"column":73}},"17":{"start":{"line":48,"column":6},"end":{"line":51,"column":null}},"18":{"start":{"line":49,"column":8},"end":{"line":49,"column":null}},"19":{"start":{"line":51,"column":8},"end":{"line":51,"column":null}},"20":{"start":{"line":55,"column":21},"end":{"line":55,"column":51}},"21":{"start":{"line":57,"column":2},"end":{"line":57,"column":null}},"22":{"start":{"line":63,"column":13},"end":{"line":122,"column":null}},"23":{"start":{"line":64,"column":22},"end":{"line":69,"column":null}},"24":{"start":{"line":70,"column":8},"end":{"line":70,"column":35}},"25":{"start":{"line":71,"column":8},"end":{"line":71,"column":31}},"26":{"start":{"line":73,"column":8},"end":{"line":73,"column":null}},"27":{"start":{"line":73,"column":31},"end":{"line":73,"column":null}},"28":{"start":{"line":75,"column":21},"end":{"line":114,"column":null}},"29":{"start":{"line":76,"column":4},"end":{"line":76,"column":null}},"30":{"start":{"line":78,"column":4},"end":{"line":79,"column":null}},"31":{"start":{"line":79,"column":6},"end":{"line":79,"column":null}},"32":{"start":{"line":83,"column":4},"end":{"line":97,"column":null}},"33":{"start":{"line":84,"column":6},"end":{"line":93,"column":null}},"34":{"start":{"line":95,"column":6},"end":{"line":95,"column":null}},"35":{"start":{"line":96,"column":6},"end":{"line":96,"column":null}},"36":{"start":{"line":96,"column":31},"end":{"line":96,"column":null}},"37":{"start":{"line":97,"column":6},"end":{"line":97,"column":null}},"38":{"start":{"line":100,"column":4},"end":{"line":100,"column":null}},"39":{"start":{"line":102,"column":4},"end":{"line":103,"column":null}},"40":{"start":{"line":103,"column":6},"end":{"line":103,"column":null}},"41":{"start":{"line":103,"column":51},"end":{"line":103,"column":68}},"42":{"start":{"line":106,"column":17},"end":{"line":106,"column":55}},"43":{"start":{"line":108,"column":4},"end":{"line":114,"column":null}},"44":{"start":{"line":117,"column":2},"end":{"line":122,"column":null}}},"fnMap":{"0":{"name":"(anonymous_0)","decl":{"start":{"line":8,"column":6},"end":{"line":8,"column":17}},"loc":{"start":{"line":8,"column":38},"end":{"line":20,"column":null}},"line":8},"1":{"name":"(anonymous_1)","decl":{"start":{"line":23,"column":13},"end":{"line":23,"column":28}},"loc":{"start":{"line":23,"column":47},"end":{"line":37,"column":null}},"line":23},"2":{"name":"(anonymous_2)","decl":{"start":{"line":39,"column":6},"end":{"line":39,"column":22}},"loc":{"start":{"line":39,"column":39},"end":{"line":39,"column":54}},"line":39},"3":{"name":"(anonymous_3)","decl":{"start":{"line":41,"column":13},"end":{"line":41,"column":25}},"loc":{"start":{"line":41,"column":45},"end":{"line":57,"column":null}},"line":41},"4":{"name":"(anonymous_4)","decl":{"start":{"line":46,"column":5},"end":{"line":46,"column":11}},"loc":{"start":{"line":46,"column":20},"end":{"line":46,"column":73}},"line":46},"5":{"name":"(anonymous_5)","decl":{"start":{"line":47,"column":5},"end":{"line":47,"column":14}},"loc":{"start":{"line":47,"column":31},"end":{"line":53,"column":null}},"line":47},"6":{"name":"(anonymous_6)","decl":{"start":{"line":63,"column":13},"end":{"line":63,"column":35}},"loc":{"start":{"line":63,"column":35},"end":{"line":122,"column":null}},"line":63},"7":{"name":"(anonymous_7)","decl":{"start":{"line":73,"column":8},"end":{"line":73,"column":31}},"loc":{"start":{"line":73,"column":31},"end":{"line":73,"column":null}},"line":73},"8":{"name":"(anonymous_8)","decl":{"start":{"line":75,"column":21},"end":{"line":75,"column":28}},"loc":{"start":{"line":75,"column":62},"end":{"line":114,"column":null}},"line":75},"9":{"name":"(anonymous_9)","decl":{"start":{"line":103,"column":28},"end":{"line":103,"column":33}},"loc":{"start":{"line":103,"column":51},"end":{"line":103,"column":68}},"line":103}},"branchMap":{"0":{"loc":{"start":{"line":16,"column":9},"end":{"line":20,"column":38}},"type":"cond-expr","locations":[{"start":{"line":17,"column":6},"end":{"line":17,"column":null}},{"start":{"line":18,"column":6},"end":{"line":20,"column":38}}],"line":16},"1":{"loc":{"start":{"line":18,"column":6},"end":{"line":20,"column":38}},"type":"cond-expr","locations":[{"start":{"line":18,"column":17},"end":{"line":19,"column":33}},{"start":{"line":19,"column":33},"end":{"line":20,"column":38}}],"line":18},"2":{"loc":{"start":{"line":26,"column":9},"end":{"line":28,"column":39}},"type":"cond-expr","locations":[{"start":{"line":26,"column":14},"end":{"line":27,"column":39}},{"start":{"line":27,"column":39},"end":{"line":28,"column":39}}],"line":26},"3":{"loc":{"start":{"line":31,"column":4},"end":{"line":33,"column":10}},"type":"cond-expr","locations":[{"start":{"line":32,"column":8},"end":{"line":32,"column":37}},{"start":{"line":33,"column":8},"end":{"line":33,"column":10}}],"line":31},"4":{"loc":{"start":{"line":31,"column":4},"end":{"line":31,"column":null}},"type":"binary-expr","locations":[{"start":{"line":31,"column":4},"end":{"line":31,"column":40}},{"start":{"line":31,"column":44},"end":{"line":31,"column":null}}],"line":31},"5":{"loc":{"start":{"line":34,"column":12},"end":{"line":36,"column":null}},"type":"cond-expr","locations":[{"start":{"line":34,"column":47},"end":{"line":35,"column":33}},{"start":{"line":36,"column":6},"end":{"line":36,"column":null}}],"line":34},"6":{"loc":{"start":{"line":48,"column":6},"end":{"line":51,"column":null}},"type":"if","locations":[{"start":{"line":48,"column":6},"end":{"line":51,"column":null}},{"start":{"line":50,"column":13},"end":{"line":51,"column":null}}],"line":48},"7":{"loc":{"start":{"line":75,"column":46},"end":{"line":75,"column":62}},"type":"default-arg","locations":[{"start":{"line":75,"column":53},"end":{"line":75,"column":62}}],"line":75},"8":{"loc":{"start":{"line":78,"column":4},"end":{"line":79,"column":null}},"type":"if","locations":[{"start":{"line":78,"column":4},"end":{"line":79,"column":null}},{"start":{},"end":{}}],"line":78},"9":{"loc":{"start":{"line":96,"column":6},"end":{"line":96,"column":null}},"type":"if","locations":[{"start":{"line":96,"column":6},"end":{"line":96,"column":null}},{"start":{},"end":{}}],"line":96},"10":{"loc":{"start":{"line":102,"column":4},"end":{"line":103,"column":null}},"type":"if","locations":[{"start":{"line":102,"column":4},"end":{"line":103,"column":null}},{"start":{},"end":{}}],"line":102},"11":{"loc":{"start":{"line":111,"column":13},"end":{"line":111,"column":null}},"type":"binary-expr","locations":[{"start":{"line":111,"column":13},"end":{"line":111,"column":37}},{"start":{"line":111,"column":37},"end":{"line":111,"column":null}}],"line":111},"12":{"loc":{"start":{"line":112,"column":14},"end":{"line":112,"column":null}},"type":"binary-expr","locations":[{"start":{"line":112,"column":14},"end":{"line":112,"column":39}},{"start":{"line":112,"column":39},"end":{"line":112,"column":null}}],"line":112}},"s":{"0":1,"1":6,"2":6,"3":6,"4":6,"5":6,"6":6,"7":6,"8":1,"9":6,"10":1,"11":12,"12":1,"13":4,"14":4,"15":4,"16":6,"17":8,"18":4,"19":4,"20":4,"21":4,"22":1,"23":5,"24":5,"25":5,"26":5,"27":1,"28":5,"29":6,"30":6,"31":5,"32":6,"33":6,"34":2,"35":2,"36":1,"37":1,"38":4,"39":4,"40":3,"41":3,"42":4,"43":4,"44":5},"f":{"0":6,"1":6,"2":12,"3":4,"4":6,"5":8,"6":5,"7":1,"8":6,"9":3},"b":{"0":[4,2],"1":[1,1],"2":[1,5],"3":[1,5],"4":[6,5],"5":[1,5],"6":[4,4],"7":[6],"8":[5,1],"9":[1,1],"10":[3,1],"11":[4,0],"12":[6,0]},"meta":{"lastBranch":13,"lastFunction":10,"lastStatement":45,"seen":{"s:8:6:20:Infinity":0,"f:8:6:8:17":0,"s:9:13:9:31":1,"s:10:14:10:24":2,"s:11:8:11:35":3,"s:12:8:12:34":4,"s:13:8:13:40":5,"s:14:8:14:41":6,"s:16:2:20:Infinity":7,"b:17:6:17:Infinity:18:6:20:38":0,"b:18:17:19:33:19:33:20:38":1,"s:23:13:37:Infinity":8,"f:23:13:23:28":1,"s:23:47:37:Infinity":9,"b:26:14:27:39:27:39:28:39":2,"b:32:8:32:37:33:8:33:10":3,"b:31:4:31:40:31:44:31:Infinity":4,"b:34:47:35:33:36:6:36:Infinity":5,"s:39:6:39:54":10,"f:39:6:39:22":2,"s:39:39:39:54":11,"s:41:13:57:Infinity":12,"f:41:13:41:25":3,"s:42:33:42:35":13,"s:43:31:43:33":14,"s:45:2:53:Infinity":15,"f:46:5:46:11":4,"s:46:20:46:73":16,"f:47:5:47:14":5,"b:48:6:51:Infinity:50:13:51:Infinity":6,"s:48:6:51:Infinity":17,"s:49:8:49:Infinity":18,"s:51:8:51:Infinity":19,"s:55:21:55:51":20,"s:57:2:57:Infinity":21,"s:63:13:122:Infinity":22,"f:63:13:63:35":6,"s:64:22:69:Infinity":23,"s:70:8:70:35":24,"s:71:8:71:31":25,"s:73:8:73:Infinity":26,"f:73:8:73:31":7,"s:73:31:73:Infinity":27,"s:75:21:114:Infinity":28,"f:75:21:75:28":8,"b:75:53:75:62":7,"s:76:4:76:Infinity":29,"b:78:4:79:Infinity:undefined:undefined:undefined:undefined":8,"s:78:4:79:Infinity":30,"s:79:6:79:Infinity":31,"s:83:4:97:Infinity":32,"s:84:6:93:Infinity":33,"s:95:6:95:Infinity":34,"b:96:6:96:Infinity:undefined:undefined:undefined:undefined":9,"s:96:6:96:Infinity":35,"s:96:31:96:Infinity":36,"s:97:6:97:Infinity":37,"s:100:4:100:Infinity":38,"b:102:4:103:Infinity:undefined:undefined:undefined:undefined":10,"s:102:4:103:Infinity":39,"s:103:6:103:Infinity":40,"f:103:28:103:33":9,"s:103:51:103:68":41,"s:106:17:106:55":42,"s:108:4:114:Infinity":43,"b:111:13:111:37:111:37:111:Infinity":11,"b:112:14:112:39:112:39:112:Infinity":12,"s:117:2:122:Infinity":44},"fnNames":{}}}
,"/Users/alex/yi/fragrans-drive-tests/src/routers/router.ts": {"path":"/Users/alex/yi/fragrans-drive-tests/src/routers/router.ts","statementMap":{"0":{"start":{"line":4,"column":39},"end":{"line":29,"column":null}},"1":{"start":{"line":12,"column":21},"end":{"line":12,"column":null}},"2":{"start":{"line":22,"column":21},"end":{"line":22,"column":null}},"3":{"start":{"line":34,"column":27},"end":{"line":64,"column":null}},"4":{"start":{"line":38,"column":21},"end":{"line":38,"column":null}},"5":{"start":{"line":46,"column":21},"end":{"line":46,"column":null}},"6":{"start":{"line":54,"column":21},"end":{"line":54,"column":null}},"7":{"start":{"line":62,"column":21},"end":{"line":62,"column":null}},"8":{"start":{"line":65,"column":6},"end":{"line":71,"column":2}},"9":{"start":{"line":70,"column":25},"end":{"line":70,"column":null}}},"fnMap":{"0":{"name":"(anonymous_0)","decl":{"start":{"line":12,"column":4},"end":{"line":12,"column":21}},"loc":{"start":{"line":12,"column":21},"end":{"line":12,"column":null}},"line":12},"1":{"name":"(anonymous_1)","decl":{"start":{"line":22,"column":4},"end":{"line":22,"column":21}},"loc":{"start":{"line":22,"column":21},"end":{"line":22,"column":null}},"line":22},"2":{"name":"(anonymous_2)","decl":{"start":{"line":38,"column":4},"end":{"line":38,"column":21}},"loc":{"start":{"line":38,"column":21},"end":{"line":38,"column":null}},"line":38},"3":{"name":"(anonymous_3)","decl":{"start":{"line":46,"column":4},"end":{"line":46,"column":21}},"loc":{"start":{"line":46,"column":21},"end":{"line":46,"column":null}},"line":46},"4":{"name":"(anonymous_4)","decl":{"start":{"line":54,"column":4},"end":{"line":54,"column":21}},"loc":{"start":{"line":54,"column":21},"end":{"line":54,"column":null}},"line":54},"5":{"name":"(anonymous_5)","decl":{"start":{"line":62,"column":4},"end":{"line":62,"column":21}},"loc":{"start":{"line":62,"column":21},"end":{"line":62,"column":null}},"line":62},"6":{"name":"(anonymous_6)","decl":{"start":{"line":70,"column":2},"end":{"line":70,"column":25}},"loc":{"start":{"line":70,"column":25},"end":{"line":70,"column":null}},"line":70}},"branchMap":{},"s":{"0":0,"1":0,"2":0,"3":0,"4":0,"5":0,"6":0,"7":0,"8":0,"9":0},"f":{"0":0,"1":0,"2":0,"3":0,"4":0,"5":0,"6":0},"b":{},"meta":{"lastBranch":0,"lastFunction":7,"lastStatement":10,"seen":{"s:4:39:29:Infinity":0,"f:12:4:12:21":0,"s:12:21:12:Infinity":1,"f:22:4:22:21":1,"s:22:21:22:Infinity":2,"s:34:27:64:Infinity":3,"f:38:4:38:21":2,"s:38:21:38:Infinity":4,"f:46:4:46:21":3,"s:46:21:46:Infinity":5,"f:54:4:54:21":4,"s:54:21:54:Infinity":6,"f:62:4:62:21":5,"s:62:21:62:Infinity":7,"s:65:6:71:2":8,"f:70:2:70:25":6,"s:70:25:70:Infinity":9},"fnNames":{}}}
,"/Users/alex/yi/fragrans-drive-tests/src/store/index.ts": {"path":"/Users/alex/yi/fragrans-drive-tests/src/store/index.ts","statementMap":{"0":{"start":{"line":7,"column":13},"end":{"line":35,"column":2}},"1":{"start":{"line":9,"column":29},"end":{"line":18,"column":null}},"2":{"start":{"line":23,"column":6},"end":{"line":23,"column":null}},"3":{"start":{"line":27,"column":6},"end":{"line":27,"column":null}},"4":{"start":{"line":31,"column":6},"end":{"line":31,"column":null}},"5":{"start":{"line":38,"column":6},"end":{"line":38,"column":27}},"6":{"start":{"line":39,"column":0},"end":{"line":39,"column":null}}},"fnMap":{"0":{"name":"(anonymous_0)","decl":{"start":{"line":9,"column":2},"end":{"line":9,"column":29}},"loc":{"start":{"line":9,"column":29},"end":{"line":18,"column":null}},"line":9},"1":{"name":"setToken","decl":{"start":{"line":22,"column":4},"end":{"line":22,"column":13}},"loc":{"start":{"line":22,"column":28},"end":{"line":23,"column":null}},"line":22},"2":{"name":"setUserInfo","decl":{"start":{"line":26,"column":4},"end":{"line":26,"column":16}},"loc":{"start":{"line":26,"column":51},"end":{"line":27,"column":null}},"line":26},"3":{"name":"setIsMobile","decl":{"start":{"line":30,"column":4},"end":{"line":30,"column":16}},"loc":{"start":{"line":30,"column":35},"end":{"line":31,"column":null}},"line":30}},"branchMap":{},"s":{"0":4,"1":9,"2":4,"3":1,"4":1,"5":4,"6":4},"f":{"0":9,"1":4,"2":1,"3":1},"b":{},"meta":{"lastBranch":0,"lastFunction":4,"lastStatement":7,"seen":{"s:7:13:35:2":0,"f:9:2:9:29":0,"s:9:29:18:Infinity":1,"f:22:4:22:13":1,"s:23:6:23:Infinity":2,"f:26:4:26:16":2,"s:27:6:27:Infinity":3,"f:30:4:30:16":3,"s:31:6:31:Infinity":4,"s:38:6:38:27":5,"s:39:0:39:Infinity":6},"fnNames":{}}}
,"/Users/alex/yi/fragrans-drive-tests/src/store/interface/index.ts": {"path":"/Users/alex/yi/fragrans-drive-tests/src/store/interface/index.ts","statementMap":{},"fnMap":{},"branchMap":{},"s":{},"f":{},"b":{},"meta":{"lastBranch":0,"lastFunction":0,"lastStatement":0,"seen":{},"fnNames":{}}}
,"/Users/alex/yi/fragrans-drive-tests/src/store/modules/auth.ts": {"path":"/Users/alex/yi/fragrans-drive-tests/src/store/modules/auth.ts","statementMap":{"0":{"start":{"line":6,"column":13},"end":{"line":24,"column":2}},"1":{"start":{"line":7,"column":27},"end":{"line":9,"column":null}},"2":{"start":{"line":14,"column":6},"end":{"line":14,"column":null}},"3":{"start":{"line":20,"column":6},"end":{"line":20,"column":null}}},"fnMap":{"0":{"name":"(anonymous_0)","decl":{"start":{"line":7,"column":2},"end":{"line":7,"column":27}},"loc":{"start":{"line":7,"column":27},"end":{"line":9,"column":null}},"line":7},"1":{"name":"(anonymous_1)","decl":{"start":{"line":13,"column":4},"end":{"line":13,"column":20}},"loc":{"start":{"line":13,"column":40},"end":{"line":16,"column":null}},"line":13},"2":{"name":"setAuthRouter","decl":{"start":{"line":19,"column":10},"end":{"line":19,"column":24}},"loc":{"start":{"line":19,"column":49},"end":{"line":22,"column":null}},"line":19}},"branchMap":{},"s":{"0":1,"1":3,"2":1,"3":1},"f":{"0":3,"1":1,"2":1},"b":{},"meta":{"lastBranch":0,"lastFunction":3,"lastStatement":4,"seen":{"s:6:13:24:2":0,"f:7:2:7:27":0,"s:7:27:9:Infinity":1,"f:13:4:13:20":1,"s:14:6:14:Infinity":2,"f:19:10:19:24":2,"s:20:6:20:Infinity":3},"fnNames":{}}}
,"/Users/alex/yi/fragrans-drive-tests/src/utils/storageUrl.ts": {"path":"/Users/alex/yi/fragrans-drive-tests/src/utils/storageUrl.ts","statementMap":{"0":{"start":{"line":6,"column":2},"end":{"line":6,"column":null}},"1":{"start":{"line":6,"column":39},"end":{"line":6,"column":null}},"2":{"start":{"line":7,"column":15},"end":{"line":7,"column":null}},"3":{"start":{"line":8,"column":2},"end":{"line":8,"column":null}},"4":{"start":{"line":8,"column":38},"end":{"line":8,"column":null}},"5":{"start":{"line":9,"column":2},"end":{"line":9,"column":null}},"6":{"start":{"line":9,"column":65},"end":{"line":9,"column":null}},"7":{"start":{"line":10,"column":15},"end":{"line":10,"column":50}},"8":{"start":{"line":11,"column":2},"end":{"line":11,"column":null}}},"fnMap":{"0":{"name":"toProxyStorageUrl","decl":{"start":{"line":5,"column":16},"end":{"line":5,"column":34}},"loc":{"start":{"line":5,"column":67},"end":{"line":11,"column":null}},"line":5}},"branchMap":{"0":{"loc":{"start":{"line":6,"column":2},"end":{"line":6,"column":null}},"type":"if","locations":[{"start":{"line":6,"column":2},"end":{"line":6,"column":null}},{"start":{},"end":{}}],"line":6},"1":{"loc":{"start":{"line":6,"column":6},"end":{"line":6,"column":39}},"type":"binary-expr","locations":[{"start":{"line":6,"column":6},"end":{"line":6,"column":14}},{"start":{"line":6,"column":14},"end":{"line":6,"column":39}}],"line":6},"2":{"loc":{"start":{"line":6,"column":46},"end":{"line":6,"column":null}},"type":"binary-expr","locations":[{"start":{"line":6,"column":46},"end":{"line":6,"column":53}},{"start":{"line":6,"column":53},"end":{"line":6,"column":null}}],"line":6},"3":{"loc":{"start":{"line":8,"column":2},"end":{"line":8,"column":null}},"type":"if","locations":[{"start":{"line":8,"column":2},"end":{"line":8,"column":null}},{"start":{},"end":{}}],"line":8},"4":{"loc":{"start":{"line":8,"column":6},"end":{"line":8,"column":36}},"type":"binary-expr","locations":[{"start":{"line":8,"column":6},"end":{"line":8,"column":15}},{"start":{"line":8,"column":15},"end":{"line":8,"column":36}}],"line":8},"5":{"loc":{"start":{"line":9,"column":2},"end":{"line":9,"column":null}},"type":"if","locations":[{"start":{"line":9,"column":2},"end":{"line":9,"column":null}},{"start":{},"end":{}}],"line":9},"6":{"loc":{"start":{"line":9,"column":6},"end":{"line":9,"column":63}},"type":"binary-expr","locations":[{"start":{"line":9,"column":6},"end":{"line":9,"column":32}},{"start":{"line":9,"column":36},"end":{"line":9,"column":63}}],"line":9}},"s":{"0":7,"1":2,"2":5,"3":7,"4":2,"5":3,"6":1,"7":2,"8":2},"f":{"0":7},"b":{"0":[2,5],"1":[7,6],"2":[2,1],"3":[2,5],"4":[7,5],"5":[1,2],"6":[3,2]},"meta":{"lastBranch":7,"lastFunction":1,"lastStatement":9,"seen":{"f:5:16:5:34":0,"b:6:2:6:Infinity:undefined:undefined:undefined:undefined":0,"s:6:2:6:Infinity":0,"b:6:6:6:14:6:14:6:39":1,"s:6:39:6:Infinity":1,"b:6:46:6:53:6:53:6:Infinity":2,"s:7:15:7:Infinity":2,"b:8:2:8:Infinity:undefined:undefined:undefined:undefined":3,"s:8:2:8:Infinity":3,"b:8:6:8:15:8:15:8:36":4,"s:8:38:8:Infinity":4,"b:9:2:9:Infinity:undefined:undefined:undefined:undefined":5,"s:9:2:9:Infinity":5,"b:9:6:9:32:9:36:9:63":6,"s:9:65:9:Infinity":6,"s:10:15:10:50":7,"s:11:2:11:Infinity":8},"fnNames":{}}}
,"/Users/alex/yi/fragrans-drive-tests/src/utils/emitter/index.ts": {"path":"/Users/alex/yi/fragrans-drive-tests/src/utils/emitter/index.ts","statementMap":{"0":{"start":{"line":6,"column":6},"end":{"line":6,"column":47}}},"fnMap":{},"branchMap":{},"s":{"0":3},"f":{},"b":{},"meta":{"lastBranch":0,"lastFunction":0,"lastStatement":1,"seen":{"s:6:6:6:47":0},"fnNames":{}}}
,"/Users/alex/yi/fragrans-drive-tests/src/utils/is/index.ts": {"path":"/Users/alex/yi/fragrans-drive-tests/src/utils/is/index.ts","statementMap":{"0":{"start":{"line":1,"column":20},"end":{"line":1,"column":null}},"1":{"start":{"line":6,"column":13},"end":{"line":7,"column":null}},"2":{"start":{"line":7,"column":2},"end":{"line":7,"column":null}},"3":{"start":{"line":12,"column":13},"end":{"line":14,"column":34}},"4":{"start":{"line":14,"column":15},"end":{"line":14,"column":34}},"5":{"start":{"line":19,"column":13},"end":{"line":20,"column":null}},"6":{"start":{"line":20,"column":2},"end":{"line":20,"column":null}},"7":{"start":{"line":22,"column":13},"end":{"line":22,"column":70}},"8":{"start":{"line":22,"column":59},"end":{"line":22,"column":70}},"9":{"start":{"line":27,"column":13},"end":{"line":28,"column":35}},"10":{"start":{"line":28,"column":2},"end":{"line":28,"column":35}},"11":{"start":{"line":33,"column":13},"end":{"line":33,"column":68}},"12":{"start":{"line":33,"column":53},"end":{"line":33,"column":68}},"13":{"start":{"line":38,"column":13},"end":{"line":38,"column":74}},"14":{"start":{"line":38,"column":57},"end":{"line":38,"column":74}},"15":{"start":{"line":43,"column":13},"end":{"line":44,"column":26}},"16":{"start":{"line":44,"column":2},"end":{"line":44,"column":26}},"17":{"start":{"line":49,"column":13},"end":{"line":52,"column":null}},"18":{"start":{"line":50,"column":2},"end":{"line":52,"column":null}},"19":{"start":{"line":57,"column":13},"end":{"line":57,"column":74}},"20":{"start":{"line":57,"column":57},"end":{"line":57,"column":74}},"21":{"start":{"line":62,"column":13},"end":{"line":62,"column":77}},"22":{"start":{"line":62,"column":59},"end":{"line":62,"column":77}},"23":{"start":{"line":67,"column":13},"end":{"line":68,"column":36}},"24":{"start":{"line":68,"column":2},"end":{"line":68,"column":36}},"25":{"start":{"line":73,"column":13},"end":{"line":73,"column":null}},"26":{"start":{"line":73,"column":30},"end":{"line":73,"column":null}},"27":{"start":{"line":78,"column":13},"end":{"line":79,"column":null}},"28":{"start":{"line":79,"column":2},"end":{"line":79,"column":null}},"29":{"start":{"line":81,"column":13},"end":{"line":82,"column":null}},"30":{"start":{"line":82,"column":2},"end":{"line":82,"column":null}},"31":{"start":{"line":84,"column":24},"end":{"line":84,"column":null}},"32":{"start":{"line":86,"column":13},"end":{"line":87,"column":71}},"33":{"start":{"line":87,"column":2},"end":{"line":87,"column":71}},"34":{"start":{"line":89,"column":13},"end":{"line":90,"column":null}},"35":{"start":{"line":90,"column":2},"end":{"line":90,"column":null}},"36":{"start":{"line":92,"column":13},"end":{"line":93,"column":null}},"37":{"start":{"line":93,"column":2},"end":{"line":93,"column":null}},"38":{"start":{"line":95,"column":13},"end":{"line":96,"column":69}},"39":{"start":{"line":96,"column":2},"end":{"line":96,"column":69}},"40":{"start":{"line":99,"column":13},"end":{"line":100,"column":43}},"41":{"start":{"line":100,"column":2},"end":{"line":100,"column":43}},"42":{"start":{"line":102,"column":13},"end":{"line":102,"column":null}},"43":{"start":{"line":102,"column":53},"end":{"line":102,"column":null}},"44":{"start":{"line":104,"column":13},"end":{"line":105,"column":29}},"45":{"start":{"line":105,"column":2},"end":{"line":105,"column":29}},"46":{"start":{"line":107,"column":13},"end":{"line":108,"column":29}},"47":{"start":{"line":108,"column":2},"end":{"line":108,"column":29}}},"fnMap":{"0":{"name":"(anonymous_0)","decl":{"start":{"line":6,"column":13},"end":{"line":6,"column":19}},"loc":{"start":{"line":7,"column":2},"end":{"line":7,"column":null}},"line":7},"1":{"name":"(anonymous_1)","decl":{"start":{"line":12,"column":13},"end":{"line":12,"column":null}},"loc":{"start":{"line":14,"column":15},"end":{"line":14,"column":34}},"line":14},"2":{"name":"(anonymous_2)","decl":{"start":{"line":19,"column":13},"end":{"line":19,"column":35}},"loc":{"start":{"line":20,"column":2},"end":{"line":20,"column":null}},"line":20},"3":{"name":"(anonymous_3)","decl":{"start":{"line":22,"column":13},"end":{"line":22,"column":37}},"loc":{"start":{"line":22,"column":59},"end":{"line":22,"column":70}},"line":22},"4":{"name":"(anonymous_4)","decl":{"start":{"line":27,"column":13},"end":{"line":27,"column":25}},"loc":{"start":{"line":28,"column":2},"end":{"line":28,"column":35}},"line":28},"5":{"name":"(anonymous_5)","decl":{"start":{"line":33,"column":13},"end":{"line":33,"column":23}},"loc":{"start":{"line":33,"column":53},"end":{"line":33,"column":68}},"line":33},"6":{"name":"(anonymous_6)","decl":{"start":{"line":38,"column":13},"end":{"line":38,"column":25}},"loc":{"start":{"line":38,"column":57},"end":{"line":38,"column":74}},"line":38},"7":{"name":"(anonymous_7)","decl":{"start":{"line":43,"column":13},"end":{"line":43,"column":45}},"loc":{"start":{"line":44,"column":2},"end":{"line":44,"column":26}},"line":44},"8":{"name":"(anonymous_8)","decl":{"start":{"line":49,"column":13},"end":{"line":49,"column":39}},"loc":{"start":{"line":50,"column":2},"end":{"line":52,"column":null}},"line":50},"9":{"name":"(anonymous_9)","decl":{"start":{"line":57,"column":13},"end":{"line":57,"column":25}},"loc":{"start":{"line":57,"column":57},"end":{"line":57,"column":74}},"line":57},"10":{"name":"(anonymous_10)","decl":{"start":{"line":62,"column":13},"end":{"line":62,"column":26}},"loc":{"start":{"line":62,"column":59},"end":{"line":62,"column":77}},"line":62},"11":{"name":"(anonymous_11)","decl":{"start":{"line":67,"column":13},"end":{"line":67,"column":24}},"loc":{"start":{"line":68,"column":2},"end":{"line":68,"column":36}},"line":68},"12":{"name":"(anonymous_12)","decl":{"start":{"line":73,"column":13},"end":{"line":73,"column":30}},"loc":{"start":{"line":73,"column":30},"end":{"line":73,"column":null}},"line":73},"13":{"name":"(anonymous_13)","decl":{"start":{"line":78,"column":13},"end":{"line":78,"column":25}},"loc":{"start":{"line":79,"column":2},"end":{"line":79,"column":null}},"line":79},"14":{"name":"(anonymous_14)","decl":{"start":{"line":81,"column":13},"end":{"line":81,"column":26}},"loc":{"start":{"line":82,"column":2},"end":{"line":82,"column":null}},"line":82},"15":{"name":"(anonymous_15)","decl":{"start":{"line":86,"column":13},"end":{"line":86,"column":null}},"loc":{"start":{"line":87,"column":2},"end":{"line":87,"column":71}},"line":87},"16":{"name":"(anonymous_16)","decl":{"start":{"line":89,"column":13},"end":{"line":89,"column":null}},"loc":{"start":{"line":90,"column":2},"end":{"line":90,"column":null}},"line":90},"17":{"name":"(anonymous_17)","decl":{"start":{"line":92,"column":13},"end":{"line":92,"column":null}},"loc":{"start":{"line":93,"column":2},"end":{"line":93,"column":null}},"line":93},"18":{"name":"(anonymous_18)","decl":{"start":{"line":95,"column":13},"end":{"line":95,"column":null}},"loc":{"start":{"line":96,"column":2},"end":{"line":96,"column":69}},"line":96},"19":{"name":"(anonymous_19)","decl":{"start":{"line":99,"column":13},"end":{"line":99,"column":27}},"loc":{"start":{"line":100,"column":2},"end":{"line":100,"column":43}},"line":100},"20":{"name":"(anonymous_20)","decl":{"start":{"line":102,"column":13},"end":{"line":102,"column":23}},"loc":{"start":{"line":102,"column":53},"end":{"line":102,"column":null}},"line":102},"21":{"name":"(anonymous_21)","decl":{"start":{"line":104,"column":13},"end":{"line":104,"column":31}},"loc":{"start":{"line":105,"column":2},"end":{"line":105,"column":29}},"line":105},"22":{"name":"(anonymous_22)","decl":{"start":{"line":107,"column":13},"end":{"line":107,"column":30}},"loc":{"start":{"line":108,"column":2},"end":{"line":108,"column":29}},"line":108}},"branchMap":{"0":{"loc":{"start":{"line":28,"column":2},"end":{"line":28,"column":35}},"type":"binary-expr","locations":[{"start":{"line":28,"column":2},"end":{"line":28,"column":18}},{"start":{"line":28,"column":18},"end":{"line":28,"column":35}}],"line":28},"1":{"loc":{"start":{"line":50,"column":2},"end":{"line":52,"column":null}},"type":"binary-expr","locations":[{"start":{"line":50,"column":2},"end":{"line":50,"column":29}},{"start":{"line":50,"column":29},"end":{"line":50,"column":null}},{"start":{"line":51,"column":2},"end":{"line":51,"column":null}},{"start":{"line":52,"column":2},"end":{"line":52,"column":null}}],"line":50},"2":{"loc":{"start":{"line":68,"column":2},"end":{"line":68,"column":36}},"type":"binary-expr","locations":[{"start":{"line":68,"column":2},"end":{"line":68,"column":18}},{"start":{"line":68,"column":18},"end":{"line":68,"column":36}}],"line":68},"3":{"loc":{"start":{"line":79,"column":2},"end":{"line":79,"column":null}},"type":"binary-expr","locations":[{"start":{"line":79,"column":2},"end":{"line":79,"column":35}},{"start":{"line":79,"column":35},"end":{"line":79,"column":51}},{"start":{"line":79,"column":51},"end":{"line":79,"column":null}}],"line":79},"4":{"loc":{"start":{"line":82,"column":2},"end":{"line":82,"column":null}},"type":"binary-expr","locations":[{"start":{"line":82,"column":2},"end":{"line":82,"column":29}},{"start":{"line":82,"column":29},"end":{"line":82,"column":45}},{"start":{"line":82,"column":45},"end":{"line":82,"column":null}}],"line":82},"5":{"loc":{"start":{"line":87,"column":2},"end":{"line":87,"column":71}},"type":"binary-expr","locations":[{"start":{"line":87,"column":2},"end":{"line":87,"column":18}},{"start":{"line":87,"column":22},"end":{"line":87,"column":71}}],"line":87},"6":{"loc":{"start":{"line":90,"column":2},"end":{"line":90,"column":null}},"type":"binary-expr","locations":[{"start":{"line":90,"column":2},"end":{"line":90,"column":18}},{"start":{"line":90,"column":22},"end":{"line":90,"column":null}}],"line":90},"7":{"loc":{"start":{"line":93,"column":2},"end":{"line":93,"column":null}},"type":"binary-expr","locations":[{"start":{"line":93,"column":2},"end":{"line":93,"column":18}},{"start":{"line":93,"column":22},"end":{"line":93,"column":null}}],"line":93},"8":{"loc":{"start":{"line":96,"column":2},"end":{"line":96,"column":69}},"type":"binary-expr","locations":[{"start":{"line":96,"column":2},"end":{"line":96,"column":16}},{"start":{"line":96,"column":20},"end":{"line":96,"column":43}},{"start":{"line":96,"column":47},"end":{"line":96,"column":69}}],"line":96},"9":{"loc":{"start":{"line":100,"column":2},"end":{"line":100,"column":43}},"type":"binary-expr","locations":[{"start":{"line":100,"column":2},"end":{"line":100,"column":7}},{"start":{"line":100,"column":7},"end":{"line":100,"column":43}}],"line":100},"10":{"loc":{"start":{"line":105,"column":2},"end":{"line":105,"column":29}},"type":"binary-expr","locations":[{"start":{"line":105,"column":2},"end":{"line":105,"column":14}},{"start":{"line":105,"column":18},"end":{"line":105,"column":29}}],"line":105},"11":{"loc":{"start":{"line":108,"column":2},"end":{"line":108,"column":29}},"type":"binary-expr","locations":[{"start":{"line":108,"column":2},"end":{"line":108,"column":14}},{"start":{"line":108,"column":18},"end":{"line":108,"column":29}}],"line":108}},"s":{"0":2,"1":2,"2":18,"3":2,"4":4,"5":2,"6":8,"7":2,"8":6,"9":2,"10":3,"11":2,"12":2,"13":2,"14":2,"15":2,"16":2,"17":2,"18":2,"19":2,"20":2,"21":2,"22":2,"23":2,"24":2,"25":2,"26":1,"27":2,"28":7,"29":2,"30":2,"31":2,"32":2,"33":2,"34":2,"35":2,"36":2,"37":2,"38":2,"39":1,"40":2,"41":2,"42":2,"43":4,"44":2,"45":1,"46":2,"47":3},"f":{"0":18,"1":4,"2":8,"3":6,"4":3,"5":2,"6":2,"7":2,"8":2,"9":2,"10":2,"11":2,"12":1,"13":7,"14":2,"15":2,"16":2,"17":2,"18":1,"19":2,"20":4,"21":1,"22":3},"b":{"0":[3,2],"1":[2,2,2,1],"2":[2,2],"3":[7,7,7],"4":[2,2,2],"5":[2,2],"6":[2,2],"7":[2,2],"8":[1,1,1],"9":[2,2],"10":[1,0],"11":[3,2]},"meta":{"lastBranch":12,"lastFunction":23,"lastStatement":48,"seen":{"s:1:20:1:Infinity":0,"s:6:13:7:Infinity":1,"f:6:13:6:19":0,"s:7:2:7:Infinity":2,"s:12:13:14:34":3,"f:12:13:12:Infinity":1,"s:14:15:14:34":4,"s:19:13:20:Infinity":5,"f:19:13:19:35":2,"s:20:2:20:Infinity":6,"s:22:13:22:70":7,"f:22:13:22:37":3,"s:22:59:22:70":8,"s:27:13:28:35":9,"f:27:13:27:25":4,"s:28:2:28:35":10,"b:28:2:28:18:28:18:28:35":0,"s:33:13:33:68":11,"f:33:13:33:23":5,"s:33:53:33:68":12,"s:38:13:38:74":13,"f:38:13:38:25":6,"s:38:57:38:74":14,"s:43:13:44:26":15,"f:43:13:43:45":7,"s:44:2:44:26":16,"s:49:13:52:Infinity":17,"f:49:13:49:39":8,"s:50:2:52:Infinity":18,"b:50:2:50:29:50:29:50:Infinity:51:2:51:Infinity:52:2:52:Infinity":1,"s:57:13:57:74":19,"f:57:13:57:25":9,"s:57:57:57:74":20,"s:62:13:62:77":21,"f:62:13:62:26":10,"s:62:59:62:77":22,"s:67:13:68:36":23,"f:67:13:67:24":11,"s:68:2:68:36":24,"b:68:2:68:18:68:18:68:36":2,"s:73:13:73:Infinity":25,"f:73:13:73:30":12,"s:73:30:73:Infinity":26,"s:78:13:79:Infinity":27,"f:78:13:78:25":13,"s:79:2:79:Infinity":28,"b:79:2:79:35:79:35:79:51:79:51:79:Infinity":3,"s:81:13:82:Infinity":29,"f:81:13:81:26":14,"s:82:2:82:Infinity":30,"b:82:2:82:29:82:29:82:45:82:45:82:Infinity":4,"s:84:24:84:Infinity":31,"s:86:13:87:71":32,"f:86:13:86:Infinity":15,"s:87:2:87:71":33,"b:87:2:87:18:87:22:87:71":5,"s:89:13:90:Infinity":34,"f:89:13:89:Infinity":16,"s:90:2:90:Infinity":35,"b:90:2:90:18:90:22:90:Infinity":6,"s:92:13:93:Infinity":36,"f:92:13:92:Infinity":17,"s:93:2:93:Infinity":37,"b:93:2:93:18:93:22:93:Infinity":7,"s:95:13:96:69":38,"f:95:13:95:Infinity":18,"s:96:2:96:69":39,"b:96:2:96:16:96:20:96:43:96:47:96:69":8,"s:99:13:100:43":40,"f:99:13:99:27":19,"s:100:2:100:43":41,"b:100:2:100:7:100:7:100:43":9,"s:102:13:102:Infinity":42,"f:102:13:102:23":20,"s:102:53:102:Infinity":43,"s:104:13:105:29":44,"f:104:13:104:31":21,"s:105:2:105:29":45,"b:105:2:105:14:105:18:105:29":10,"s:107:13:108:29":46,"f:107:13:107:30":22,"s:108:2:108:29":47,"b:108:2:108:14:108:18:108:29":11},"fnNames":{}}}
,"/Users/alex/yi/fragrans-drive-tests/src/utils/thumb/index.ts": {"path":"/Users/alex/yi/fragrans-drive-tests/src/utils/thumb/index.ts","statementMap":{"0":{"start":{"line":1,"column":22},"end":{"line":1,"column":null}},"1":{"start":{"line":2,"column":22},"end":{"line":2,"column":null}},"2":{"start":{"line":3,"column":21},"end":{"line":3,"column":null}},"3":{"start":{"line":4,"column":23},"end":{"line":4,"column":null}},"4":{"start":{"line":5,"column":27},"end":{"line":5,"column":null}},"5":{"start":{"line":6,"column":23},"end":{"line":6,"column":null}},"6":{"start":{"line":7,"column":22},"end":{"line":7,"column":null}},"7":{"start":{"line":8,"column":26},"end":{"line":8,"column":null}},"8":{"start":{"line":9,"column":22},"end":{"line":9,"column":null}},"9":{"start":{"line":10,"column":22},"end":{"line":10,"column":null}},"10":{"start":{"line":11,"column":23},"end":{"line":11,"column":null}},"11":{"start":{"line":12,"column":22},"end":{"line":12,"column":null}},"12":{"start":{"line":13,"column":23},"end":{"line":13,"column":null}},"13":{"start":{"line":14,"column":22},"end":{"line":14,"column":null}},"14":{"start":{"line":15,"column":23},"end":{"line":15,"column":null}},"15":{"start":{"line":16,"column":24},"end":{"line":16,"column":null}},"16":{"start":{"line":17,"column":22},"end":{"line":17,"column":null}},"17":{"start":{"line":18,"column":21},"end":{"line":18,"column":null}},"18":{"start":{"line":19,"column":22},"end":{"line":19,"column":null}},"19":{"start":{"line":20,"column":21},"end":{"line":20,"column":null}},"20":{"start":{"line":21,"column":22},"end":{"line":21,"column":null}},"21":{"start":{"line":22,"column":22},"end":{"line":22,"column":null}},"22":{"start":{"line":23,"column":22},"end":{"line":23,"column":null}},"23":{"start":{"line":24,"column":22},"end":{"line":24,"column":null}},"24":{"start":{"line":25,"column":22},"end":{"line":25,"column":null}},"25":{"start":{"line":26,"column":22},"end":{"line":26,"column":null}},"26":{"start":{"line":27,"column":22},"end":{"line":27,"column":null}},"27":{"start":{"line":28,"column":22},"end":{"line":28,"column":null}},"28":{"start":{"line":29,"column":22},"end":{"line":29,"column":null}},"29":{"start":{"line":30,"column":26},"end":{"line":30,"column":null}},"30":{"start":{"line":33,"column":2},"end":{"line":33,"column":null}},"31":{"start":{"line":35,"column":32},"end":{"line":96,"column":null}},"32":{"start":{"line":98,"column":13},"end":{"line":106,"column":null}},"33":{"start":{"line":99,"column":2},"end":{"line":106,"column":null}},"34":{"start":{"line":100,"column":4},"end":{"line":100,"column":null}},"35":{"start":{"line":102,"column":29},"end":{"line":102,"column":51}},"36":{"start":{"line":104,"column":4},"end":{"line":106,"column":null}}},"fnMap":{"0":{"name":"(anonymous_0)","decl":{"start":{"line":98,"column":13},"end":{"line":98,"column":25}},"loc":{"start":{"line":98,"column":57},"end":{"line":106,"column":null}},"line":98}},"branchMap":{"0":{"loc":{"start":{"line":98,"column":25},"end":{"line":98,"column":39}},"type":"default-arg","locations":[{"start":{"line":98,"column":35},"end":{"line":98,"column":39}}],"line":98},"1":{"loc":{"start":{"line":98,"column":39},"end":{"line":98,"column":57}},"type":"default-arg","locations":[{"start":{"line":98,"column":46},"end":{"line":98,"column":57}}],"line":98},"2":{"loc":{"start":{"line":99,"column":2},"end":{"line":106,"column":null}},"type":"if","locations":[{"start":{"line":99,"column":2},"end":{"line":106,"column":null}},{"start":{"line":101,"column":9},"end":{"line":106,"column":null}}],"line":99},"3":{"loc":{"start":{"line":105,"column":6},"end":{"line":106,"column":null}},"type":"binary-expr","locations":[{"start":{"line":105,"column":6},"end":{"line":105,"column":null}},{"start":{"line":106,"column":6},"end":{"line":106,"column":null}}],"line":105}},"s":{"0":1,"1":1,"2":1,"3":1,"4":1,"5":1,"6":1,"7":1,"8":1,"9":1,"10":1,"11":1,"12":1,"13":1,"14":1,"15":1,"16":1,"17":1,"18":1,"19":1,"20":1,"21":1,"22":1,"23":1,"24":1,"25":1,"26":1,"27":1,"28":1,"29":1,"30":1,"31":1,"32":1,"33":8,"34":2,"35":6,"36":6},"f":{"0":8},"b":{"0":[8],"1":[8],"2":[2,6],"3":[6,3]},"meta":{"lastBranch":4,"lastFunction":1,"lastStatement":37,"seen":{"s:1:22:1:Infinity":0,"s:2:22:2:Infinity":1,"s:3:21:3:Infinity":2,"s:4:23:4:Infinity":3,"s:5:27:5:Infinity":4,"s:6:23:6:Infinity":5,"s:7:22:7:Infinity":6,"s:8:26:8:Infinity":7,"s:9:22:9:Infinity":8,"s:10:22:10:Infinity":9,"s:11:23:11:Infinity":10,"s:12:22:12:Infinity":11,"s:13:23:13:Infinity":12,"s:14:22:14:Infinity":13,"s:15:23:15:Infinity":14,"s:16:24:16:Infinity":15,"s:17:22:17:Infinity":16,"s:18:21:18:Infinity":17,"s:19:22:19:Infinity":18,"s:20:21:20:Infinity":19,"s:21:22:21:Infinity":20,"s:22:22:22:Infinity":21,"s:23:22:23:Infinity":22,"s:24:22:24:Infinity":23,"s:25:22:25:Infinity":24,"s:26:22:26:Infinity":25,"s:27:22:27:Infinity":26,"s:28:22:28:Infinity":27,"s:29:22:29:Infinity":28,"s:30:26:30:Infinity":29,"s:33:2:33:Infinity":30,"s:35:32:96:Infinity":31,"s:98:13:106:Infinity":32,"f:98:13:98:25":0,"b:98:35:98:39":0,"b:98:46:98:57":1,"b:99:2:106:Infinity:101:9:106:Infinity":2,"s:99:2:106:Infinity":33,"s:100:4:100:Infinity":34,"s:102:29:102:51":35,"s:104:4:106:Infinity":36,"b:105:6:105:Infinity:106:6:106:Infinity":3},"fnNames":{}}}
}
